ID;MSG;SHARES;LIKES;COMMENTS;PROPERTIES;CREATED
219295894796664_1473550689371172;hello;;14;0;;2017-05-14T06:00:00+0000
219295894796664_1473550069371234;hello;;25;0;;2017-05-13T11:00:00+0000
219295894796664_1474608402598734;hello;"{""count""=>8}";257;3;;2017-05-13T06:00:00+0000
219295894796664_1474562002603374;hello;"{""count""=>7}";397;0;;2017-05-12T12:00:00+0000
219295894796664_1474319625960945;hello;"{""count""=>4}";55;1;;2017-05-12T03:33:04+0000
219295894796664_1473537749372466;hello;"{""count""=>2}";53;0;;2017-05-12T01:00:00+0000
219295894796664_1473544132705161;hello;"{""count""=>1}";198;2;;2017-05-11T12:00:00+0000
219295894796664_1472701836122724;hello;;67;0;;2017-05-10T11:29:21+0000
219295894796664_1468241929902048;hello;"{""count""=>6}";97;3;;2017-05-09T12:00:00+0000
219295894796664_1468244103235164;hello;"{""count""=>2}";76;0;;2017-05-08T13:34:43+0000
219295894796664_1469903816402526;hello;"{""count""=>6}";237;13;;2017-05-07T11:00:00+0000
219295894796664_1466552063404368;hello;"{""count""=>1}";14;0;;2017-05-06T12:00:00+0000
219295894796664_1466551620071079;hello;"{""count""=>4}";38;0;;2017-05-05T12:00:00+0000
219295894796664_1467353513324223;hello;"{""count""=>9}";194;3;;2017-05-04T12:00:00+0000
219295894796664_1464168903642684;hello;;38;0;;2017-05-03T12:00:00+0000
219295894796664_1464167710309470;hello;"{""count""=>3}";53;0;;2017-05-02T12:00:00+0000
219295894796664_1464173043642270;hello;;47;0;;2017-05-01T02:32:56+0000
219295894796664_1451721168220791;hello;"{""count""=>8}";73;0;;2017-04-30T06:00:00+0000
219295894796664_1450684924991082;hello;"{""count""=>1}";33;0;;2017-04-29T06:00:00+0000
219295894796664_1459593334100241;hello;"{""count""=>7}";168;4;;2017-04-28T14:00:00+0000
219295894796664_1461358687257039;hello;"{""count""=>51}";366;5;;2017-04-28T03:27:27+0000
219295894796664_1450683268324581;hello;"{""count""=>2}";79;0;;2017-04-27T12:00:00+0000
219295894796664_1459796360746605;hello;"{""count""=>2}";403;7;;2017-04-26T11:14:09+0000
219295894796664_1450669934992581;hello;"{""count""=>14}";65;1;;2017-04-26T03:12:06+0000
219295894796664_1450785678314340;hello;"{""count""=>10}";69;1;;2017-04-25T12:00:00+0000
219295894796664_1457609980965243;hello;;11;0;;2017-04-24T07:15:04+0000
219295894796664_1450679958324912;hello;"{""count""=>5}";59;1;;2017-04-23T12:00:00+0000
219295894796664_1450679421658299;hello;"{""count""=>1}";31;0;;2017-04-22T12:00:00+0000
219295894796664_1455755244484050;;"{""count""=>1}";124;0;;2017-04-22T07:06:46+0000
219295894796664_1450678731658368;hello;;28;0;;2017-04-21T12:00:00+0000
219295894796664_1450677271658514;hello;"{""count""=>1}";19;0;;2017-04-20T12:00:00+0000
219295894796664_1452806148112293;hello;"{""count""=>107}";6462;159;;2017-04-20T03:00:00+0000
219295894796664_1450785164981058;hello;"{""count""=>1}";102;2;;2017-04-19T12:00:00+0000
219295894796664_1450665041659737;hello;"{""count""=>13}";188;0;;2017-04-18T12:00:00+0000
219295894796664_1450912024968372;hello;"{""count""=>22}";150;15;;2017-04-18T06:00:00+0000
219295894796664_1450663344993240;hello;"{""count""=>3}";80;1;;2017-04-17T06:00:00+0000
219295894796664_1443717889021119;hello;"{""count""=>5}";22;0;;2017-04-16T06:00:00+0000
219295894796664_1443717325687842;hello;"{""count""=>4}";42;0;;2017-04-15T12:00:00+0000
219295894796664_1443716612354580;hello;;34;1;;2017-04-14T02:00:00+0000
219295894796664_1443715339021374;hello;"{""count""=>2}";34;0;;2017-04-13T01:00:00+0000
219295894796664_1443714945688080;hello;;22;0;;2017-04-12T13:30:00+0000
219295894796664_1443750342351207;hello;"{""count""=>3}";22;0;;2017-04-12T11:10:01+0000
219295894796664_1443731475686427;hello;;32;0;;2017-04-11T12:00:00+0000
219295894796664_1444967035562871;hello;;11;0;;2017-04-11T11:11:13+0000
219295894796664_1443737532352488;hello;"{""count""=>11}";53;5;;2017-04-11T05:00:00+0000
219295894796664_1443730249019883;hello;"{""count""=>6}";73;6;;2017-04-10T13:00:00+0000
219295894796664_1440896865969888;hello;"{""count""=>1}";65;0;;2017-04-10T10:00:00+0000
219295894796664_1440895422636699;hello;"{""count""=>3}";53;1;;2017-04-09T12:00:00+0000
219295894796664_1440879375971637;hello;"{""count""=>12}";44;1;"[{""name""=>""Length"", ""text""=>""01:16""}]";2017-04-08T05:00:00+0000
219295894796664_1440809775978597;hello;"{""count""=>242}";8380;443;;2017-04-07T11:00:00+0000
219295894796664_1440591022667139;hello;"{""count""=>19}";166;10;;2017-04-07T04:00:00+0000
219295894796664_1438325866226988;hello;"{""count""=>2}";46;0;;2017-04-06T06:00:00+0000
219295894796664_1433283633397878;hello;"{""count""=>5}";33;0;;2017-04-05T03:00:00+0000
219295894796664_1433280506731524;hello;"{""count""=>4}";55;0;;2017-04-04T13:00:15+0000
219295894796664_1436227516436823;hello;"{""count""=>24}";114;0;;2017-04-03T03:29:46+0000
219295894796664_1433271866732388;hello;;22;0;;2017-04-02T06:00:00+0000
219295894796664_1433409980051910;hello;"{""count""=>2}";62;2;;2017-04-02T01:00:00+0000
219295894796664_1433265483399693;hello;;12;0;;2017-04-01T02:00:00+0000
219295894796664_1431578403568401;hello;"{""count""=>2}";61;0;;2017-03-30T04:10:26+0000
219295894796664_1431269480265960;hello;"{""count""=>2}";168;2;;2017-03-29T11:00:18+0000
219295894796664_1429956033730638;hello;"{""count""=>1}";40;0;;2017-03-28T03:41:31+0000
219295894796664_1429329903793251;hello;"{""count""=>2}";39;0;;2017-03-27T10:36:44+0000
219295894796664_1426202917439283;hello;"{""count""=>1}";95;1;;2017-03-27T03:00:00+0000
219295894796664_1428471670545741;hello;;29;0;;2017-03-26T13:29:07+0000
219295894796664_1426376824088559;hello;"{""count""=>4}";40;0;;2017-03-25T13:00:00+0000
219295894796664_1425602487499326;hello;;38;1;;2017-03-24T12:30:00+0000
219295894796664_1426286950764213;hello;;36;0;;2017-03-24T05:54:46+0000
219295894796664_1425551817504393;hello;"{""count""=>2}";36;0;;2017-03-23T14:00:00+0000
219295894796664_1425283897531185;hello;"{""count""=>1}";8;1;;2017-03-23T10:29:57+0000
219295894796664_1425097574216484;hello;;172;3;;2017-03-23T04:45:00+0000
219295894796664_1424362130956695;hello;"{""count""=>3}";50;1;;2017-03-22T13:10:00+0000
219295894796664_1423969354329306;hello;"{""count""=>6}";152;2;;2017-03-22T04:11:00+0000
219295894796664_1423031034423138;hello;"{""count""=>8}";131;3;;2017-03-21T09:20:00+0000
219295894796664_1422405771152331;hello;"{""count""=>1}";77;3;;2017-03-20T13:00:00+0000
219295894796664_1422242994501942;hello;"{""count""=>1}";188;5;;2017-03-20T08:16:17+0000
219295894796664_1374009962658579;;"{""count""=>5}";152;1;;2017-03-20T03:08:12+0000
219295894796664_1420044608055114;hello;;33;0;;2017-03-19T04:00:00+0000
219295894796664_1418348774891364;hello;"{""count""=>3}";68;0;;2017-03-18T01:48:11+0000
219295894796664_1419445201448388;hello;;127;1;;2017-03-17T12:30:00+0000
219295894796664_1419265614799680;hello;"{""count""=>8}";108;0;;2017-03-17T04:35:01+0000
219295894796664_1418348004891441;hello;"{""count""=>1}";71;0;;2017-03-16T10:00:06+0000
219295894796664_1417704501622458;hello;"{""count""=>1}";148;0;;2017-03-15T13:00:00+0000
219295894796664_1416503678409207;hello;"{""count""=>7}";70;1;;2017-03-15T04:10:01+0000
219295894796664_1416863168373258;hello;;118;0;;2017-03-14T12:51:42+0000
219295894796664_1416499788409596;hello;"{""count""=>1}";32;0;;2017-03-14T04:00:02+0000
219295894796664_1415903775135864;hello;"{""count""=>6}";90;0;"[{""name""=>""Length"", ""text""=>""00:35""}]";2017-03-13T11:39:00+0000
219295894796664_1415701208489454;hello;"{""count""=>3}";37;13;;2017-03-13T07:48:36+0000
219295894796664_1415699595156282;hello;"{""count""=>4}";68;0;;2017-03-13T06:15:01+0000
219295894796664_1410204975705744;hello;"{""count""=>1}";33;0;;2017-03-12T04:30:33+0000
219295894796664_1412867942106114;hello;"{""count""=>2}";96;0;;2017-03-11T07:00:07+0000
219295894796664_1412806462112262;;"{""count""=>2}";52;0;;2017-03-11T02:14:17+0000
219295894796664_1411888768870698;hello;"{""count""=>3}";145;1;;2017-03-10T11:37:10+0000
219295894796664_1411838592209049;;"{""count""=>5}";71;1;;2017-03-10T10:45:38+0000
219295894796664_1411779735548268;hello;"{""count""=>63}";1151;21;;2017-03-10T09:21:42+0000
219295894796664_1410203719039203;hello;;55;0;;2017-03-09T09:40:02+0000
219295894796664_1409751825751059;hello;;30;0;;2017-03-09T03:14:45+0000
219295894796664_1408859075840334;hello;"{""count""=>3}";171;2;;2017-03-08T12:02:08+0000
219295894796664_1408550835871158;hello;;50;0;;2017-03-08T06:01:05+0000
219295894796664_1407583559301219;hello;"{""count""=>1}";132;0;;2017-03-07T11:18:07+0000
219295894796664_1407478979311677;hello;"{""count""=>1}";78;0;;2017-03-07T09:18:01+0000
219295894796664_1406535082739400;hello;"{""count""=>22}";173;4;;2017-03-06T11:00:00+0000
219295894796664_1406309189428656;hello;"{""count""=>1}";30;0;;2017-03-06T04:30:33+0000
219295894796664_1404670172925891;hello;"{""count""=>4}";82;0;;2017-03-05T01:15:01+0000
219295894796664_1402319793160929;hello;;31;0;;2017-03-04T04:00:01+0000
219295894796664_1403050276421214;hello;"{""count""=>1}";137;0;;2017-03-04T03:35:00+0000
219295894796664_1403160013076907;hello;"{""count""=>103}";271;188;;2017-03-03T07:13:02+0000
219295894796664_1402317789827796;hello;"{""count""=>2}";45;0;;2017-03-03T03:00:03+0000
219295894796664_1402287299830845;hello;;70;0;;2017-03-02T10:27:16+0000
219295894796664_1395930660466509;hello;"{""count""=>2}";87;1;;2017-03-02T08:35:00+0000
219295894796664_1402099699849605;hello;"{""count""=>8}";198;1;;2017-03-02T04:47:01+0000
219295894796664_1395929913799917;hello;"{""count""=>2}";111;0;;2017-03-01T04:05:00+0000
219295894796664_1400167020042873;hello;"{""count""=>5}";213;2;;2017-02-28T11:14:00+0000
219295894796664_1395929060466669;hello;"{""count""=>6}";103;1;;2017-02-27T07:30:01+0000
219295894796664_1395927660466809;hello;"{""count""=>3}";112;3;;2017-02-27T02:15:39+0000
219295894796664_1395927167133525;hello;"{""count""=>2}";199;0;;2017-02-26T03:30:00+0000
219295894796664_1395926773800231;hello;"{""count""=>14}";159;0;;2017-02-25T00:30:01+0000
219295894796664_1396100310449544;hello;;61;0;"[{""name""=>""Corporate Office"", ""text""=>""1,220 like this""}]";2017-02-24T09:45:48+0000
219295894796664_1395082460551329;hello;"{""count""=>2}";224;4;;2017-02-24T07:30:01+0000
219295894796664_1395082143884694;hello;"{""count""=>1}";56;0;;2017-02-24T02:00:05+0000
219295894796664_1394021750657400;hello;"{""count""=>1}";159;2;;2017-02-23T07:20:01+0000
219295894796664_1394021207324121;hello;;52;0;;2017-02-23T03:00:04+0000
219295894796664_1394205953972313;hello;"{""count""=>4}";181;0;;2017-02-22T11:19:00+0000
219295894796664_1393599754032933;hello;"{""count""=>4}";273;3;;2017-02-22T03:30:01+0000
219295894796664_1392224637503778;hello;"{""count""=>7}";144;0;;2017-02-21T08:30:01+0000
219295894796664_1392221774170731;hello;;72;0;;2017-02-21T03:35:02+0000
