Tomokazu Tsugo
Ono  Tadayoshi
橋場孝朗
Higashiura Yoshie
Satoshi Oonuma
Yoshiyuki Ono
Hidehisa Shimanouchi
Yasuyuki Kojima
Yasushi Narushima
森克也
Hirofumi Yamaguchi
Yuji Sasaki
Kazumasa Saiki
佐藤啓介
최재빈
正一大橋
Masahiro Ohba
Shinji Kawate
Shinichi  Himeda
劉致宏
伊藤恵
村山智
Atsushi Matsumoto
沼口誠司
Hiromi  Nakarai
Norikatsu Shimomura
Nobuki Matuyama
光一山本
Shunp  Habara
Hidenori Yamashita
Yi Chien
Nagasawa  Hideo
Takahide  Gemma
Takuya Mase
竹之内 重則
Naoto Yoshikawa
Tomohiko Taniguchi
Toshihiko Minami
高橋勝己
賢司小滝
石井昭一
Takeshi Nisihara
安達幸男
Hiroko Araki
近藤省世
道家徹司
Kenji Toyonaga
Hà Trung Dũng
Paul Bartels
Syouichi  Katafutchi
Keiichi Ikeda
Haruo Yoshida
Motoo  Matsuzaki
Yoshikazu Yoshida
Tetsuji  Kira
啓三藤本
Jiro Kosakai
石川保則
Akihito Fujimiya
Toshiharu Tsukamoto
Akira Takegasa
Kouji Hirakawa
Syouzou Oota
Kazuto Yamaguchi
Eriko Ohzuru
Mamoru Yorizumi
Kentaro Sano
Takashi Kaneta
よしなが ひろあき
Kazuto Kosugi
Kazufumi Oyabu
Takahiro Iwatubo
中村浩茂
Kenichi Yoshinaka
Kazuhito Gihou
Junichi  Okada
Yoshihiro Morita
Kimura Mitsuhiro
Yukimori Morishita
Akihiro  Ochi
原鳳伸
Yoshiharu Yamamuro
Takanori Yamamoto
Koji Saito
葛川喜幸
Shinobu Tsuchiya
Yoshiharu Kirihata
Naoki  Takahashi
蔵純也
Yusuke  Takamoto
Masako  Iwata
Futosi Takagi
Akihiro Takahashi
Shinichi Tada
Yaravis Sandoval
Kasumi Izumaru
Hideyuki Nakagawa
あべ 秀次
Kazuya Isikawa
Yukari Kishi
岩下雄二
Thar Thar
Yoshiaki Komuro
廖力興
Kazuhiro Takahashi
山本幸太
Jun  Yoshizawa
Hiroshi Kobayashi
畠山一久
Shintarou Kosaka
山村敏彦
Tomotaka  Morimoto
Tatsuya Katoh
Hung Tran Thanh
Eiji Shibata
Yumiko  Watanabe
佐竹武広
Tooru Takahasi
Show-yuan Chuang
Zaw Koko
大橋一隆
Tsuyoshi  Fujimoto
Koji Hiyama
川畑年弘
菅原崇
Yasuo  Todaka
Kaoru Fujita
Takahiro Miki
石堂裕司
Yoshihiro Kawashima
Miki Matsuda
Kazuo Kikuchi
植村大磯
Nishikawa Kazuo
Kazunori Yoshinari
Koo Saito
Takuji Yoshino
Makoto Tsukada
Masahiro Konno
Tomoe Sekishita
Takashi Nakatuji
Shigeaki Yoshimura
Hideo Akamatsu
Tsutomu  Takeyama
Ohyama Kenji
Yukio Honji
Takafumi Sato
Taisa Makabe
Ryo Maekawara
Tsuyoshi Inoue
荒河恭平
Tomoya Oohira
桑山修
Shigeki Mori
Yutaka Yamaoka
Norio  Yokota
Takashi Yamamoto
Yukihiro Kondo
鶴岡法道
Teruo Miyata
禎夫中澤
Ryuichi Tomizawa
國吉治
Akihiko Yamazaki
Toshiyuki Enoki
Shingo Inoue
Sumitoshi Nagashima
Kazumasa  Akiyama
Suzuki Takaaki
Tomoyuki Tsukamoto
Toshikazu Shinno
Michio Arakawa
多田勝也
Yoshikazu  Kuroda
中村教次
長尾光弘
Kazuo Narita
Yoshinori Saitoh
Katsuhito Hirayama
Hideji  Yamanaka
Dai Nagamatsu
មនុស្ស គ្មានតំលៃ
Nozomi Sogo
奥井淳一
Kazuyoshi Araishi
Shigesada Sasaki
Isao Satake
Hiroe Taniguti
山本寿也
Yasuyuki Suzuki
荒井芳光
仁多華子
Masayuki  Nagane
高祖剛
Kamimura Toshiaki
Shoujirou  Nahana
Radoslav Atanasov
Tsutomu Yoza
Takizawa Mayumi
Yan Kino
Hidekazu  Nakamura
Masakazu  Nishida
Seiichirou Ooizumi
Takeo Iizuka
正昇行農業機械
Shoji Yuichi
キラキラ光
荻原 ゆう子
山田大介
Kazuto  Fujinoki
Takashi  Mimoto
山内志将
Kagehiro  Uesugi
藤ノ木明
Mineo  Tanaka
Takeshi Yasuda
Yoshihiro Uchino
杉田雄一
Toshiharu Takathu
Steven John Gonzalez
爐啟祥
Youichi Watanabe
Yosiyasu  Hirano
Satoru Kamimura
Hiroshi  Ishikawa
Hirokazu Nakamae
Shigeo Hayashi
水口篤成
Takashi Hirokawa
平和伊香
Shimose Chihiro
酒本亮
Kazuhiro Hiraishi
舩木憲介
Michiko Inoue
Takashi Hasegawa
岩佐隆
宮﨑善則
Keisuke Hosina
Toyoshi Yoshikawa
Yutaka Higashino
Masaki Siraki
Yoshihiro Abe
岩佐和利
Kenji Omasa
Yasumasa  Ogasawara
Nakadaira Kazuhiko
Masahiro Sekine
Hiroyoshi Masuda
洪銘駿
Toshihiko Takagi
井上剛
簡世飛
伊藤俊
前田哲也
Satoshi Sato
池田輝彦
久保田寧光
Masaki Mori
Toshikazu Yamamoto
小田博文
Leo Kato
Takahashi  Masaki
Akira Sakamaki
Yoshio Doi
村山洋子
Masayuki Jindo
Tenzou  Okumura
Tomotaka Yamwki
藤元実
Masaaki Sugawara
Pohsu Xu
Hidefumi Komura
Mikito Suzuki
Sasaki Jun
谷口健一
Takatoshi  Nakata
Thein Tun
Daisuke  Uemura
福本育夫
Hitoshi Ishibashi
柯芸芸
Daisuke Ishida
梶原綾
Yukihiro Hirama
Tsutomu Hayashi
Yoshi Watanabe
Keisuke Chida
高橋和弘
Hiroyuki Furukawa
道野守
Yoshihiro Takeich
Yoshio  Oota
Hiroyuki  Kanou
Tomio Abe
Satoshi Kihara
Hiroyuki Kuramitsu
Isao  Tominaga
松尾典俊
Yoshinori Fujiwara
Okuno Tomohiko
Ryohei Taniguchi
Youko Kenmotsu
Fujinaga  Katsutoshi
山本光男
嚴政幃
Hironori  Takeuchi
山端勉
Keitaro Yamaha Giang
Hiroki Seki
淀川貴浩
道範高橋
脇村学
Hiroaki Kawai
Masao Tamura
Yuuji Tsujimoto
藤原正貴
Chootiwat Tarn
Shinichiro Maeda
Kouichi Fukazawa
Atsushi Yamachi
Takenori Okamura
米澤幹枝
Miyake Terunori
Sumitoshi  Kitano
Takashi Akutsu
Atsushi  Sato
浅市儀寛
佐藤卓也
劉鳳明
Kenji Kazama
岡野和明
蕭耀南
みそら ひばり
橋口貴明
江藤友和
竹下直義
Tatsuya Sato
武内政志
小沢 タダヒロ
Anh Kiên
Namba Yoko
Tsunehisa  Yoshida
馬場康平
Kazuhiro Hosaka
Yasuyuki Kanda
廖志芳
林晉安
劉宇濬
玉置輝夫
鄭文苑
佐藤正志
飯塚明美
Eiji Tsuji
Syouiti Kadota
ข้าวโอ๊ต ศิษย์ สรถ
島澤正治
Oronaminn Supa
竹山延幸
Masatoshi  Nakamura
Satoru Yamahata
Hideaki Tominaga
杉本和史
Ryuma Urabe
Kikuchi Jun
Yuki Narita
Takahide Suzuki
Takeshi  Yokomizo
Takashi Uezu
Morihiro Shimakage
浅岡裕由希
Kouji  Matsubara
Takashi Seki
Georgi Stefan
Mari Akita
茂木暁
Shinya Yoshida
Seiji  Hosoi
林定男
Yosuke Hattori
Yasuhiro Nishida
Kazuhiro Fukunaga
Hiromi  Ono
Mamoru  Hashimoto
Syuuji  Ootaguro
奥州義明
Gen Kanaishi
山下拓也
にしかた まさひろ
東恵一
小杉山保紀
Hajime  Watanabe
キャット コマ
Kazuo  Takaishi
Yoshinari  Makino
Akinori Echie
山本憲彦
久保正幸
Takahumi Nagane
Maiko Arima
千田康博
Kenji Uchino
山吉伸二
徳永 ふみ ふみ
Hideki Mimura
C.c. Tang
Hirofumi  Shimosako
竹達満
Fumihito Nakao
増田正幸
Takanori Akagi
Yamane Fumio
Yasushi Fujita
Yoshinori Shima
Naoto  Osada
Christian Medina
緒方健晴
Kazuya Tanaka
Yoshiaki Taki
Hisashi  Kawamura
Masayuki Tanaka
Kazuaki  Nishimura
陽一山崎
Masaki Shibata
Tuyoshi Ishituka
真名武山口
Kiyose Takashi
이응철
大西博信
一祐池田
Kouji  Takeuchi
Sayuki Ooura
Koichi Oyama
Hiroaki  Honma
橘和裕
竹田多喜男
Yuki  Nakai
Takuro Hakoda
菅野昌文
渡邉剛
Toshinori Shibuya
後藤翔騎
Sakamoto Yamakaze
Kouichirou Mitue
Takafumi Uchi
Keisuke  Yonekura
岡崎賀雄
平賀眞
Ryo Watanabe
松矢康彦
Keita Takahashi
尾野規子
中山浩樹
Masato Okada
Yoshihiro  Otaka
Yin Shibun
Katsuyuki Shimakawa
酒井宏幸
Kenichi Hayashi
守松井
菅野陽祐
島恵美子
Hiroshi Ichimura
Yutaka Toyokichi Kadota Mejia
陳傑智
Daiki Matsumoto
徳永大宜
Turuzawa Sigeharu
Akira Sawada
Tukasa Ishitobi
Hitomi  Nakamura
Tadashi Murabayashi
キムラ オサム
村上Takashi Murakami貴志
黃智鴻
園田巧
椎葉裕美子
有限会社新家青果
Tokio Fukumoto
納所順一
江口徳崇
Teruaki Sasaki
James  Lin
伊藤一幸
Takeya  Tsuha
Katsuhiro  Okita
Sarayuth Chuangwong
Kohken  Murayama
蝶野拓海
Nobuo  Saito
武市友樹
Kazuhiro Fujiwara
Yuto Takagi
瀬戸川輝男
Kouzi Anzaki
정용국
Junichi Tanabe
Tsugio Oikawa
隼人諸岡
森富士雄
Teruhiko Deguchi
Makoto Fujii
Tatsuya Shishikura
太田健介
近藤 裕史
吳尚達
Yamaguchi Hatsuyuki
後藤俊輝
山地晋也
Yuji Tajima
Toru  Kawaguchi
Shigeru  Tokita
Kousuke  Maeda
Fumitoshi  Kamo
佐藤洋一
Daisuke Itou
Hiroyuki Komatu
潘宏祥
Shi-zong Huang
Teera Song
榎戸秀晃
Kimikazu  Shibata
Kenichi Kabazawa
Katsumasa Kikuchi
Tsubasa  Yosimori
Toru Kuzuhara
Yasushi Sakurai
田村文彦
赤星衛
Junya Ukawa
Takanori Mori
Kenta  Itakura
Naoki Hayashi
Ryouta Morii
Ryosuke Watanabe
Hisamitsu Nakashima
Katsumi Nakata
羽石優一
飯島将光
Kazuhiro Hagiwara
高橋義彦
Yoshifumi  Ogawa
Norio Yamazaki
Akira Eto
岩本直樹
Yasuhiko  Ishiguro
Toshiaki Nishismura
阿丞
李信弘
Takeo Kinjo
Kousuke Hino
Nobuyuki Narita
Hiroyuki  Sakai
Nakamura Ryo
亀井貴司
劉耀群
Ko Win Zaw
Seiji Andoh
山崎浩
Fumiaki Shimizu
片岡弘明
古井利幸
しまつか えいじ
イモリ ハ虫類 トカゲ
Toru Yamazaki
Tetuya Ueoka
Atsuhiro  Okumura
吉田博之
北川仁
奈良和洋
ひらまつ たかゆき
Bao Loi Nguyen
Daisuke  Takada
平川雅章
Tosihisa JitumoRi
Katsumasa Saitou
Kazushige Yamaguchi
Kentaro Kumano
Yoshiyuki Ino
Jay Cobain
Sumio Takemoto
