ID;MSG;SHARES;LIKES;COMMENTS;PROPERTIES;CREATED
229617287171186_1019862564813317;hello;5;106;0;;2017-04-25T12:22:44+0000
229617287171186_1018691491597091;hello;46;381;2;;2017-04-24T01:00:00+0000
229617287171186_1018388854960688;hello;17;118;1;;2017-04-23T09:19:40+0000
229617287171186_1017731001693140;hello;31;220;0;;2017-04-22T09:31:58+0000
229617287171186_1016868455112728;hello;16;156;0;;2017-04-21T03:05:00+0000
229617287171186_1016347601831480;hello;50;576;1;;2017-04-20T09:17:03+0000
229617287171186_1016303008502606;hello;3;54;1;;2017-04-20T08:00:00+0000
229617287171186_1016264458506461;hello;78;511;12;;2017-04-20T05:41:40+0000
229617287171186_1015638981902342;hello;7;48;0;;2017-04-19T11:23:31+0000
229617287171186_1017005015099072;hello;7;151;0;;2017-04-18T09:30:00+0000
229617287171186_1013810292085211;hello;20;201;4;;2017-04-17T09:02:40+0000
229617287171186_1013695212096719;hello;;87;0;;2017-04-17T05:01:48+0000
229617287171186_1012938295505744;hello;10;189;0;;2017-04-16T04:31:34+0000
229617287171186_1012380555561518;hello;18;260;0;;2017-04-15T10:38:22+0000
229617287171186_1012205788912328;hello;26;311;3;;2017-04-14T04:00:00+0000
229617287171186_1011425142323726;hello;483;1694;87;"[{""name""=>""Length"", ""text""=>""01:23""}]";2017-04-14T03:30:42+0000
229617287171186_1010568839076023;hello;;30;0;;2017-04-13T02:42:00+0000
229617287171186_1010565599076347;hello;1278;2519;176;"[{""name""=>""Length"", ""text""=>""03:08""}]";2017-04-13T02:00:00+0000
229617287171186_1010044222461818;hello;41;1258;8;;2017-04-12T10:33:22+0000
229617287171186_1009300445869529;hello;80;1625;13;;2017-04-11T09:58:03+0000
229617287171186_1009107589222148;hello;77;306;7;"[{""name""=>""Length"", ""text""=>""00:49""}]";2017-04-11T03:16:14+0000
229617287171186_1008573645942209;hello;;73;0;;2017-04-10T11:00:00+0000
229617287171186_1008568495942724;hello;22;438;0;;2017-04-10T10:31:18+0000
229617287171186_1007721919360715;hello;20;247;2;;2017-04-09T10:17:00+0000
229617287171186_1008492649283642;hello;9;141;4;;2017-04-08T04:00:00+0000
229617287171186_1006042659528641;hello;48;488;2;;2017-04-07T12:50:36+0000
229617287171186_1005913096208264;hello;80;426;7;"[{""name""=>""Length"", ""text""=>""00:33""}]";2017-04-07T08:57:15+0000
229617287171186_1005866969546210;hello;28;255;20;;2017-04-07T07:14:20+0000
229617287171186_1005709809561926;hello;10;86;2;;2017-04-07T02:56:34+0000
229617287171186_1003775183088722;hello;56;279;4;;2017-04-06T02:00:00+0000
229617287171186_1003767616422812;hello;27;186;15;;2017-04-05T03:18:50+0000
229617287171186_1003169933149247;hello;126;498;19;;2017-04-04T11:07:42+0000
229617287171186_1002314053234835;hello;44;339;10;;2017-04-03T07:33:59+0000
229617287171186_1002195363246704;hello;14;134;1;;2017-04-03T03:14:52+0000
229617287171186_1002194656580108;hello;94;817;20;;2017-04-03T03:14:17+0000
229617287171186_1000605076739066;hello;47;359;23;;2017-04-01T03:00:00+0000
229617287171186_1000088950124012;hello;110;357;7;"[{""name""=>""Length"", ""text""=>""00:40""}]";2017-03-31T09:47:41+0000
229617287171186_999373460195561;hello;91;518;27;"[{""name""=>""Length"", ""text""=>""01:14""}]";2017-03-30T10:42:52+0000
229617287171186_998542123612028;hello;59;392;11;;2017-03-29T06:01:04+0000
229617287171186_997851037014470;hello;441;4232;28;"[{""name""=>""Length"", ""text""=>""00:17""}]";2017-03-28T09:15:01+0000
229617287171186_996835087116065;hello;1071;1112;23;"[{""name""=>""Length"", ""text""=>""01:31""}]";2017-03-27T05:44:31+0000
229617287171186_995210023945238;hello;15;139;0;;2017-03-25T02:50:26+0000
229617287171186_994565590676348;hello;26;169;12;;2017-03-24T07:25:42+0000
229617287171186_993799270752980;hello;35;187;6;;2017-03-23T07:34:36+0000
229617287171186_992817307517843;hello;30;341;3;;2017-03-22T02:44:21+0000
229617287171186_992197854246455;hello;92;364;8;"[{""name""=>""Length"", ""text""=>""03:18""}]";2017-03-21T09:48:26+0000
229617287171186_991399500992957;hello;97;328;11;"[{""name""=>""Length"", ""text""=>""00:23""}]";2017-03-20T10:59:18+0000
229617287171186_987828224683418;hello;26;120;4;;2017-03-17T02:00:00+0000
229617287171186_987827594683481;hello;28;4294;10;;2017-03-16T02:09:12+0000
229617287171186_986563884809852;hello;48;395;13;;2017-03-15T02:00:00+0000
229617287171186_986562971476610;hello;88;469;6;;2017-03-14T04:51:04+0000
229617287171186_985978118201762;hello;;59;0;;2017-03-13T06:12:05+0000
229617287171186_983545158445058;hello;21;2874;15;;2017-03-10T06:28:45+0000
229617287171186_983538518445722;hello;17;226;0;;2017-03-09T04:00:00+0000
229617287171186_982230821909825;hello;16;154;2;"[{""name""=>""Length"", ""text""=>""01:18""}]";2017-03-08T11:16:46+0000
229617287171186_982059211926986;hello;21;151;4;;2017-03-08T05:41:51+0000
229617287171186_982217585244482;hello;20;113;2;"[{""name""=>""Length"", ""text""=>""01:26""}]";2017-03-07T04:00:00+0000
229617287171186_980861285380112;hello;10;74;0;;2017-03-06T07:41:03+0000
229617287171186_980855985380642;hello;43;188;7;;2017-03-06T07:26:28+0000
229617287171186_980268778772696;hello;14;210;3;;2017-03-05T06:25:17+0000
229617287171186_979774818822092;hello;9;90;1;;2017-03-04T12:33:28+0000
229617287171186_978925958906978;hello;203;433;20;"[{""name""=>""Length"", ""text""=>""00:44""}]";2017-03-03T04:13:12+0000
229617287171186_978412395625001;hello;51;386;7;;2017-03-02T07:35:28+0000
229617287171186_977802332352674;hello;36;118;3;;2017-03-01T06:35:43+0000
229617287171186_976647695801471;hello;5;30;4;;2017-02-27T10:21:19+0000
229617287171186_976647482468159;;5;28;0;;2017-02-27T10:19:47+0000
229617287171186_976647072468200;;4;18;0;;2017-02-27T10:18:05+0000
229617287171186_976646779134896;;8;23;4;;2017-02-27T10:17:12+0000
229617287171186_976646475801593;;2;14;0;;2017-02-27T10:16:14+0000
229617287171186_976645902468317;;3;26;0;;2017-02-27T10:15:09+0000
229617287171186_976508865815354;hello;112;602;12;;2017-02-27T02:24:04+0000
229617287171186_974115662721341;hello;87;2734;19;;2017-02-24T02:00:05+0000
229617287171186_974115466054694;hello;90;619;19;;2017-02-23T03:06:51+0000
229617287171186_973677602765147;hello;39;158;7;;2017-02-22T09:35:01+0000
229617287171186_973138726152368;hello;13;113;1;;2017-02-21T10:26:58+0000
