ID;MSG;SHARES;LIKES;COMMENTS;PROPERTIES;CREATED
158139660914197_1403992356328915;;;359;0;;2017-05-16T08:48:11+0000
158139660914197_1403973359664148;;;115;0;;2017-05-16T08:05:08+0000
158139660914197_1398568770204607;hello;"{""count""=>58}";1912;6;;2017-05-16T07:00:00+0000
158139660914197_1403941146334036;;;928;0;;2017-05-16T06:47:37+0000
158139660914197_1402896536438497;hello;"{""count""=>435}";6552;71;"[{""name""=>""Length"", ""text""=>""00:11""}]";2017-05-16T03:00:00+0000
158139660914197_1398436166884534;hello;"{""count""=>284}";5550;84;;2017-05-15T12:00:00+0000
158139660914197_1402829603111857;hello;"{""count""=>19}";417;2;;2017-05-15T09:05:00+0000
158139660914197_1402964179765066;;;422;1;;2017-05-15T05:47:04+0000
158139660914197_1402963396431811;;;1307;9;;2017-05-15T05:44:59+0000
158139660914197_1400371826690968;hello;"{""count""=>79}";572;4;;2017-05-14T03:00:00+0000
158139660914197_1377381105656707;hello;"{""count""=>9}";486;1;;2017-05-13T03:00:00+0000
158139660914197_1400312266696924;hello;"{""count""=>7}";483;1;;2017-05-12T12:00:00+0000
158139660914197_1381154211946063;hello;"{""count""=>20}";652;2;;2017-05-12T11:00:00+0000
158139660914197_1398435110217973;hello;"{""count""=>15}";586;7;;2017-05-12T10:00:00+0000
158139660914197_1400233376704813;;;381;0;;2017-05-12T06:00:01+0000
158139660914197_1400207646707386;;;374;0;;2017-05-12T05:30:04+0000
158139660914197_1400077980053686;hello;"{""count""=>71}";1470;30;;2017-05-12T04:40:00+0000
158139660914197_1396744073720410;hello;"{""count""=>79}";1987;26;;2017-05-12T03:00:00+0000
158139660914197_1400085993386218;;;467;0;;2017-05-12T02:16:44+0000
158139660914197_1400045570056927;hello;"{""count""=>50}";1085;3;;2017-05-12T01:06:45+0000
158139660914197_1399324806795670;;;1260;50;;2017-05-11T06:54:34+0000
158139660914197_1399293343465483;;;560;22;;2017-05-11T05:37:12+0000
158139660914197_1399250456803105;;;478;0;;2017-05-11T04:34:40+0000
158139660914197_1399126096815541;hello;"{""count""=>38}";1326;13;;2017-05-11T03:25:00+0000
158139660914197_1399124156815735;;;704;27;;2017-05-11T01:05:53+0000
158139660914197_1397699980291486;hello;"{""count""=>36}";701;1;"[{""name""=>""Length"", ""text""=>""00:16""}]";2017-05-10T22:30:00+0000
158139660914197_1398506740210810;hello;"{""count""=>21}";992;1;;2017-05-10T11:40:00+0000
158139660914197_1398521670209317;;"{""count""=>1}";207;2;;2017-05-10T08:05:21+0000
158139660914197_1398510230210461;;;237;0;;2017-05-10T07:36:34+0000
158139660914197_1396583900403094;hello;"{""count""=>36}";458;0;;2017-05-10T06:00:00+0000
158139660914197_1398279540233530;;"{""count""=>1}";432;2;;2017-05-10T01:33:08+0000
158139660914197_1398271190234365;;;910;25;;2017-05-10T01:17:51+0000
158139660914197_1398256576902493;;;580;1;;2017-05-10T00:51:23+0000
158139660914197_1397488653645952;hello;"{""count""=>19}";395;2;;2017-05-09T12:00:00+0000
158139660914197_1397495293645288;hello;"{""count""=>51}";1646;20;;2017-05-09T10:10:00+0000
158139660914197_1397623146965836;;;562;4;;2017-05-09T07:45:20+0000
158139660914197_1397378583656959;hello;"{""count""=>35}";983;0;;2017-05-09T06:00:00+0000
158139660914197_1396717530389731;;;576;0;;2017-05-08T05:40:27+0000
158139660914197_1396700143724803;;;1394;25;;2017-05-08T04:59:14+0000
158139660914197_1396601590401325;hello;"{""count""=>17}";792;2;;2017-05-08T03:10:00+0000
158139660914197_1396623560399128;;;233;2;;2017-05-08T02:27:45+0000
158139660914197_1396614720400012;;;518;1;;2017-05-08T02:13:07+0000
158139660914197_1396565403738277;;;324;0;;2017-05-08T00:52:26+0000
158139660914197_1380189438709207;hello;"{""count""=>20}";584;6;;2017-05-07T08:00:00+0000
158139660914197_1387936614601156;hello;"{""count""=>27}";1574;6;;2017-05-05T03:00:00+0000
158139660914197_1377378622323622;hello;"{""count""=>46}";1010;13;;2017-05-04T03:00:00+0000
158139660914197_1386873481374136;hello;"{""count""=>30}";1317;9;;2017-05-02T12:10:00+0000
158139660914197_1377371998990951;hello;"{""count""=>21}";1072;1;;2017-05-02T09:00:00+0000
158139660914197_1386997914695026;hello;"{""count""=>8}";407;0;;2017-05-02T08:00:00+0000
158139660914197_1387637671297717;hello;"{""count""=>36}";1691;26;;2017-05-01T06:00:00+0000
158139660914197_1387694007958750;hello;"{""count""=>9}";694;10;;2017-05-01T06:00:00+0000
158139660914197_1377371082324376;hello;"{""count""=>47}";1463;298;;2017-04-29T03:00:00+0000
158139660914197_1381127741948710;hello;"{""count""=>4}";258;0;;2017-04-28T12:00:00+0000
158139660914197_1386835941377890;hello;"{""count""=>4}";406;3;;2017-04-28T10:00:00+0000
158139660914197_1377368205657997;hello;"{""count""=>8}";707;0;;2017-04-28T09:00:00+0000
158139660914197_1387886117939539;;;129;0;;2017-04-28T07:24:07+0000
158139660914197_1387792337948917;;;497;0;;2017-04-28T04:55:09+0000
158139660914197_1387771757950975;;;414;0;;2017-04-28T04:10:07+0000
158139660914197_1387620474632770;hello;"{""count""=>112}";3589;14;;2017-04-28T03:10:00+0000
158139660914197_1387610461300438;;;1221;16;;2017-04-28T00:28:21+0000
158139660914197_1386774504717367;hello;"{""count""=>16}";355;0;"[{""name""=>""Length"", ""text""=>""01:50""}]";2017-04-27T22:15:00+0000
158139660914197_1380255415369276;hello;"{""count""=>82}";1057;8;"[{""name""=>""Length"", ""text""=>""01:19""}]";2017-04-27T12:00:00+0000
158139660914197_1373271392734345;hello;"{""count""=>34}";1450;12;;2017-04-27T11:00:00+0000
158139660914197_1387005341360950;;;387;1;;2017-04-27T08:13:48+0000
158139660914197_1386916794703138;;;163;0;;2017-04-27T05:36:29+0000
158139660914197_1386892968038854;;;461;17;;2017-04-27T04:45:40+0000
158139660914197_1371959689532182;hello;"{""count""=>9}";372;1;;2017-04-27T03:05:00+0000
158139660914197_1386782338049917;;;530;1;;2017-04-27T01:26:48+0000
158139660914197_1386778358050315;;;121;0;;2017-04-27T01:19:44+0000
158139660914197_1381126191948865;hello;"{""count""=>10}";498;5;;2017-04-26T12:00:00+0000
158139660914197_1386079598120191;hello;"{""count""=>16}";540;2;;2017-04-26T09:17:08+0000
158139660914197_1386127991448685;;;698;4;;2017-04-26T06:51:18+0000
158139660914197_1380283028699848;hello;"{""count""=>69}";724;36;;2017-04-25T12:00:00+0000
158139660914197_1381360458592105;hello;"{""count""=>13}";415;0;;2017-04-25T08:00:00+0000
158139660914197_1385226364872181;;;521;0;;2017-04-25T07:23:51+0000
158139660914197_1385204801541004;;;162;0;;2017-04-25T06:38:35+0000
158139660914197_1384965648231586;hello;"{""count""=>9}";247;1;;2017-04-25T06:30:00+0000
158139660914197_1384396648288486;hello;"{""count""=>6}";225;4;;2017-04-25T03:00:00+0000
158139660914197_1378209505573867;hello;"{""count""=>27}";656;3;;2017-04-25T02:30:00+0000
158139660914197_1384980544896763;;;1693;2;;2017-04-25T01:49:53+0000
158139660914197_1384957151565769;;;142;1;;2017-04-25T01:27:23+0000
158139660914197_1384956594899158;;;244;2;;2017-04-25T01:26:17+0000
158139660914197_1380279512033533;hello;"{""count""=>34}";889;34;;2017-04-24T12:00:00+0000
158139660914197_1378205805574237;hello;"{""count""=>4}";370;3;;2017-04-24T09:05:00+0000
158139660914197_1384274394967378;;;167;2;;2017-04-24T08:19:02+0000
158139660914197_1384227731638711;;;1368;3;;2017-04-24T06:52:37+0000
158139660914197_1384172244977593;hello;"{""count""=>120}";4543;15;;2017-04-24T06:40:00+0000
158139660914197_1384009328327218;hello;"{""count""=>15}";358;3;;2017-04-24T03:30:00+0000
158139660914197_1384005041660980;hello;"{""count""=>3}";423;0;;2017-04-24T02:15:00+0000
158139660914197_1372985472762937;hello;"{""count""=>63}";627;13;;2017-04-21T12:00:00+0000
158139660914197_1378181475576670;hello;"{""count""=>39}";679;7;"[{""name""=>""Length"", ""text""=>""02:17""}]";2017-04-21T11:00:00+0000
158139660914197_1381467695248048;hello;"{""count""=>7}";291;7;;2017-04-21T10:06:44+0000
158139660914197_1369996409728510;hello;"{""count""=>26}";880;13;;2017-04-21T08:30:00+0000
158139660914197_1380260265368791;hello;"{""count""=>120}";1550;9;"[{""name""=>""Length"", ""text""=>""07:33""}]";2017-04-21T08:00:00+0000
158139660914197_1381388111922673;;;141;2;;2017-04-21T07:42:58+0000
158139660914197_1381317301929754;hello;"{""count""=>15}";717;0;;2017-04-21T05:30:26+0000
158139660914197_1378169002244584;hello;"{""count""=>13}";254;2;;2017-04-21T02:30:00+0000
158139660914197_1381090775285740;;;199;2;;2017-04-20T23:42:04+0000
158139660914197_1378258522235632;hello;"{""count""=>22}";1079;41;;2017-04-20T12:30:00+0000
158139660914197_1372983522763132;hello;"{""count""=>9}";398;32;;2017-04-20T12:00:00+0000
158139660914197_1378147075580110;hello;"{""count""=>2}";222;0;;2017-04-20T10:10:00+0000
158139660914197_1373233769404774;hello;"{""count""=>7}";491;2;;2017-04-20T09:05:00+0000
158139660914197_1380312815363536;hello;"{""count""=>6}";27;0;;2017-04-20T08:00:11+0000
158139660914197_1378204772241007;hello;"{""count""=>2}";266;0;;2017-04-20T08:00:00+0000
158139660914197_1380250078703143;;;437;0;;2017-04-20T06:10:02+0000
158139660914197_1380245962036888;;;255;0;;2017-04-20T06:01:53+0000
158139660914197_1380215415373276;;;249;0;;2017-04-20T05:10:55+0000
158139660914197_1380203322041152;;;391;1;;2017-04-20T04:47:35+0000
158139660914197_1380201195374698;;;194;2;;2017-04-20T04:44:24+0000
158139660914197_1380197102041774;;;81;0;;2017-04-20T04:37:29+0000
158139660914197_1380152458712905;;;2308;11;;2017-04-20T03:28:43+0000
158139660914197_1380131535381664;hello;"{""count""=>51}";906;13;"[{""name""=>""Length"", ""text""=>""00:23""}]";2017-04-20T03:00:42+0000
158139660914197_1379923615402456;hello;"{""count""=>6}";34;1;;2017-04-19T22:00:29+0000
158139660914197_1379565248771626;hello;"{""count""=>25}";845;4;;2017-04-19T14:03:03+0000
158139660914197_1379413568786794;hello;"{""count""=>7}";380;5;"[{""name""=>""Length"", ""text""=>""00:08""}]";2017-04-19T13:14:00+0000
158139660914197_1372263436168474;hello;"{""count""=>22}";475;8;;2017-04-19T12:00:00+0000
158139660914197_1379406905454127;hello;"{""count""=>15}";678;3;;2017-04-19T11:02:00+0000
158139660914197_1372069879521163;hello;"{""count""=>4}";253;4;;2017-04-19T02:30:00+0000
158139660914197_1378273232234161;hello;"{""count""=>57}";1309;52;;2017-04-18T22:05:00+0000
158139660914197_1372261682835316;hello;"{""count""=>20}";567;5;;2017-04-18T12:00:00+0000
158139660914197_1378054072256077;hello;"{""count""=>10}";598;8;;2017-04-18T10:34:00+0000
158139660914197_1378319128896238;hello;"{""count""=>23}";86;5;;2017-04-18T09:41:31+0000
158139660914197_1363579850370166;hello;"{""count""=>5}";367;0;;2017-04-18T09:18:00+0000
158139660914197_1378288685565949;hello;"{""count""=>4}";284;1;;2017-04-18T09:03:00+0000
158139660914197_1378131252248359;hello;"{""count""=>4}";201;0;;2017-04-18T09:00:00+0000
158139660914197_1374133422648142;hello;"{""count""=>7}";534;6;;2017-04-18T08:00:00+0000
158139660914197_1378221575572660;;;738;22;;2017-04-18T07:18:47+0000
158139660914197_1378220722239412;;;225;3;;2017-04-18T07:16:48+0000
158139660914197_1378157442245740;;;122;0;;2017-04-18T05:10:47+0000
158139660914197_1378157308912420;;;311;0;;2017-04-18T05:10:29+0000
158139660914197_1377366025658215;hello;"{""count""=>32}";784;5;;2017-04-18T03:00:00+0000
158139660914197_1372257206169097;hello;"{""count""=>79}";1082;25;;2017-04-17T12:00:00+0000
158139660914197_1373229742738510;hello;"{""count""=>2}";258;0;;2017-04-17T09:05:00+0000
158139660914197_1373309709397180;hello;"{""count""=>60}";1408;15;;2017-04-17T01:00:00+0000
158139660914197_1364596623601822;hello;"{""count""=>6}";269;2;;2017-04-14T12:00:00+0000
158139660914197_1374451039283047;hello;"{""count""=>5}";502;2;;2017-04-14T10:25:40+0000
158139660914197_1365458070182344;hello;"{""count""=>47}";1553;12;;2017-04-14T09:10:00+0000
158139660914197_1374404122621072;;;306;0;;2017-04-14T09:04:37+0000
158139660914197_1374379805956837;;;413;0;;2017-04-14T08:16:58+0000
158139660914197_1372052062856278;hello;"{""count""=>89}";1387;2;"[{""name""=>""Length"", ""text""=>""00:56""}]";2017-04-14T08:00:00+0000
158139660914197_1373199932741491;hello;"{""count""=>38}";473;0;"[{""name""=>""Length"", ""text""=>""02:22""}]";2017-04-14T07:30:00+0000
158139660914197_1374164302645054;;;509;0;;2017-04-14T02:25:18+0000
158139660914197_1374117582649726;hello;"{""count""=>7}";461;0;"[{""name""=>""Length"", ""text""=>""00:41""}]";2017-04-14T02:00:00+0000
158139660914197_1374109482650536;hello;"{""count""=>4}";489;0;;2017-04-14T01:25:00+0000
158139660914197_1372090039519147;hello;"{""count""=>9}";318;1;;2017-04-14T01:00:00+0000
158139660914197_1364592730268878;hello;"{""count""=>24}";377;6;;2017-04-13T12:00:00+0000
158139660914197_1371956839532467;hello;"{""count""=>18}";581;4;;2017-04-13T09:05:00+0000
158139660914197_1373274756067342;;;206;0;;2017-04-13T08:04:51+0000
158139660914197_1373240552737429;;;249;0;;2017-04-13T07:18:45+0000
158139660914197_1373216509406500;;;261;0;;2017-04-13T06:43:18+0000
158139660914197_1373184179409733;;;495;4;;2017-04-13T05:52:02+0000
158139660914197_1373171736077644;;;593;1;;2017-04-13T05:35:01+0000
158139660914197_1371946656200152;hello;"{""count""=>40}";1464;18;;2017-04-13T01:00:00+0000
158139660914197_1372243736170444;hello;"{""count""=>115}";1786;13;"[{""name""=>""Length"", ""text""=>""02:58""}]";2017-04-12T13:50:00+0000
158139660914197_1364588693602615;hello;"{""count""=>36}";707;11;;2017-04-12T12:00:00+0000
158139660914197_1371923896202428;hello;"{""count""=>87}";1266;9;"[{""name""=>""Length"", ""text""=>""00:48""}]";2017-04-12T06:14:33+0000
158139660914197_1371868812874603;;;262;0;;2017-04-11T23:49:41+0000
158139660914197_1364585493602935;hello;"{""count""=>13}";451;26;;2017-04-11T12:00:01+0000
158139660914197_1364580796936738;hello;"{""count""=>31}";787;45;;2017-04-10T12:00:00+0000
158139660914197_1369979886396829;hello;"{""count""=>5}";576;4;;2017-04-10T08:30:00+0000
158139660914197_1366842716710546;hello;"{""count""=>12}";555;0;;2017-04-10T08:00:00+0000
158139660914197_1370044776390340;;;196;1;;2017-04-10T06:42:52+0000
158139660914197_1362634273798057;hello;"{""count""=>4}";256;0;;2017-04-10T03:10:00+0000
158139660914197_1369901799737971;hello;"{""count""=>10}";858;0;;2017-04-10T02:55:00+0000
158139660914197_1369803686414449;;;1085;2;;2017-04-10T00:07:56+0000
158139660914197_1359698740758277;hello;"{""count""=>18}";649;61;;2017-04-08T03:00:00+0000
158139660914197_1367016720026479;hello;"{""count""=>4}";368;2;;2017-04-07T10:07:23+0000
158139660914197_1363434540384697;hello;"{""count""=>70}";2861;28;;2017-04-07T09:05:00+0000
158139660914197_1366945806700237;;;185;0;;2017-04-07T08:11:19+0000
158139660914197_1365753536819464;hello;"{""count""=>104}";1904;11;"[{""name""=>""Length"", ""text""=>""00:50""}]";2017-04-07T08:00:00+0000
158139660914197_1366542490073902;hello;"{""count""=>39}";961;3;;2017-04-07T03:05:00+0000
158139660914197_1366603786734439;;;304;0;;2017-04-07T01:10:09+0000
158139660914197_1366544426740375;;;685;1;;2017-04-06T23:41:07+0000
158139660914197_1357802560947895;hello;"{""count""=>9}";307;0;;2017-04-06T22:00:00+0000
158139660914197_1363576473703837;hello;"{""count""=>7}";399;1;;2017-04-06T09:30:00+0000
158139660914197_1345803778814440;hello;"{""count""=>77}";1802;27;;2017-04-06T09:00:00+0000
158139660914197_1365778683483616;hello;"{""count""=>53}";2373;9;;2017-04-06T08:09:46+0000
158139660914197_1364660360262115;hello;;154;0;;2017-04-06T07:00:00+0000
158139660914197_1365647393496745;hello;"{""count""=>6}";488;0;;2017-04-06T05:56:19+0000
158139660914197_1365621653499319;;;622;1;;2017-04-06T05:13:54+0000
158139660914197_1365581536836664;;;527;0;;2017-04-06T04:11:25+0000
158139660914197_1345803175481167;hello;"{""count""=>20}";1182;5;;2017-04-06T03:00:00+0000
158139660914197_1364694656925352;hello;"{""count""=>16}";485;0;;2017-04-06T02:00:00+0000
158139660914197_1365450140183137;;;577;17;;2017-04-06T01:23:23+0000
158139660914197_1365411036853714;;;285;0;;2017-04-06T00:29:35+0000
158139660914197_1364658176929000;hello;"{""count""=>1}";143;0;;2017-04-06T00:00:00+0000
158139660914197_1357797987615019;hello;"{""count""=>5}";315;6;;2017-04-05T22:00:00+0000
158139660914197_1364551610272990;hello;"{""count""=>1}";305;0;;2017-04-05T12:00:02+0000
158139660914197_1364670653594419;hello;"{""count""=>30}";1300;3;;2017-04-05T10:30:00+0000
158139660914197_1364664760261675;;;476;0;;2017-04-05T08:55:15+0000
158139660914197_1364664480261703;;;407;1;;2017-04-05T08:54:21+0000
158139660914197_1364629270265224;;;223;1;;2017-04-05T08:11:52+0000
158139660914197_1364546823606802;;;192;0;;2017-04-05T05:36:42+0000
158139660914197_1364495150278636;;;213;0;;2017-04-05T04:16:02+0000
158139660914197_1363569730371178;hello;"{""count""=>10}";515;0;"[{""name""=>""Length"", ""text""=>""00:31""}]";2017-04-05T02:40:00+0000
158139660914197_1364358763625608;;;1667;12;;2017-04-05T00:25:56+0000
158139660914197_1357787364282748;hello;"{""count""=>21}";608;3;;2017-04-04T22:00:00+0000
158139660914197_1363695400358611;hello;"{""count""=>2}";285;1;;2017-04-04T12:00:00+0000
158139660914197_1362699077124910;hello;"{""count""=>7}";878;0;;2017-04-04T09:05:00+0000
158139660914197_1363662790361872;;;369;0;;2017-04-04T07:56:47+0000
158139660914197_1363643787030439;;;344;1;;2017-04-04T07:27:34+0000
158139660914197_1359692017425616;hello;"{""count""=>5}";252;14;;2017-04-04T03:00:00+0000
158139660914197_1363405533720931;;;233;1;;2017-04-04T00:56:55+0000
158139660914197_1362702290457922;hello;"{""count""=>52}";2791;8;;2017-04-03T23:05:00+0000
158139660914197_1357772257617592;hello;"{""count""=>5}";214;1;;2017-04-03T22:00:00+0000
158139660914197_1357567490971402;hello;"{""count""=>10}";732;1;;2017-04-03T12:00:00+0000
158139660914197_1362688553792629;hello;"{""count""=>8}";411;0;;2017-04-03T08:00:00+0000
158139660914197_1362703603791124;;;1086;10;;2017-04-03T07:34:02+0000
158139660914197_1362650380463113;;;917;2;;2017-04-03T05:52:24+0000
158139660914197_1362650287129789;;;659;1;;2017-04-03T05:52:07+0000
158139660914197_1362540510474100;;;267;0;;2017-04-03T02:43:38+0000
158139660914197_1362529583808526;;;438;1;;2017-04-03T02:27:10+0000
158139660914197_1362529147141903;;;513;3;;2017-04-03T02:26:26+0000
158139660914197_1357762877618530;hello;"{""count""=>11}";264;0;;2017-04-02T22:00:00+0000
158139660914197_1357561377638680;hello;"{""count""=>6}";191;0;;2017-04-01T02:00:00+0000
158139660914197_1359673090760842;hello;"{""count""=>236}";1475;28;"[{""name""=>""Length"", ""text""=>""01:11""}]";2017-03-31T15:00:00+0000
158139660914197_1358567640871387;hello;"{""count""=>17}";799;3;;2017-03-31T12:30:08+0000
158139660914197_1358521060876045;hello;"{""count""=>16}";614;0;"[{""name""=>""Length"", ""text""=>""02:24""}]";2017-03-31T11:00:00+0000
158139660914197_1359556004105884;hello;"{""count""=>8}";625;1;;2017-03-31T09:30:00+0000
158139660914197_1358699160858235;hello;"{""count""=>12}";523;0;;2017-03-31T08:05:00+0000
158139660914197_1359672170760934;hello;"{""count""=>36}";884;9;;2017-03-31T06:15:00+0000
158139660914197_1358559157538902;hello;"{""count""=>25}";1082;0;;2017-03-31T06:00:00+0000
158139660914197_1359639424097542;hello;"{""count""=>46}";1149;10;;2017-03-31T05:30:00+0000
158139660914197_1358703787524439;hello;"{""count""=>16}";611;0;;2017-03-31T05:10:00+0000
158139660914197_1359502447444573;hello;"{""count""=>17}";1043;2;;2017-03-31T03:00:00+0000
158139660914197_1359411020787049;;;264;2;;2017-03-30T23:27:48+0000
158139660914197_1357733007621517;hello;"{""count""=>32}";1075;4;;2017-03-30T04:54:05+0000
158139660914197_1351367521591399;hello;"{""count""=>7}";672;13;;2017-03-30T03:10:00+0000
158139660914197_1358571630870988;;;280;0;;2017-03-30T02:19:19+0000
158139660914197_1358533774208107;;;261;0;;2017-03-30T01:29:31+0000
158139660914197_1358531727541645;;;500;0;;2017-03-30T01:26:10+0000
158139660914197_1358508280877323;;;439;0;;2017-03-30T00:52:46+0000
158139660914197_1358491427545675;;;128;0;;2017-03-30T00:25:13+0000
158139660914197_1357828754278609;;;786;2;;2017-03-29T07:45:47+0000
158139660914197_1357755314285953;;;311;0;;2017-03-29T05:38:03+0000
158139660914197_1357715860956565;hello;"{""count""=>5}";513;0;;2017-03-29T04:48:15+0000
158139660914197_1355932841134867;hello;"{""count""=>44}";2189;176;;2017-03-29T03:10:00+0000
158139660914197_1357550787639739;;;1055;3;;2017-03-29T01:35:12+0000
158139660914197_1357477024313782;hello;"{""count""=>11}";731;6;;2017-03-29T00:30:00+0000
158139660914197_1357481637646654;;;97;0;;2017-03-28T23:50:41+0000
158139660914197_1355922011135950;hello;"{""count""=>388}";7901;385;;2017-03-28T09:10:00+0000
158139660914197_1350260418368776;hello;"{""count""=>13}";797;3;;2017-03-28T03:10:00+0000
158139660914197_1355916287803189;hello;"{""count""=>46}";2312;121;;2017-03-27T12:30:00+0000
158139660914197_1351357994925685;hello;"{""count""=>23}";1747;24;;2017-03-27T09:10:00+0000
158139660914197_1355877244473760;;;508;2;;2017-03-27T06:06:01+0000
158139660914197_1355822654479219;;;1552;25;;2017-03-27T04:43:29+0000
158139660914197_1327849183943233;hello;"{""count""=>4}";536;2;;2017-03-25T03:00:00+0000
158139660914197_1353192688075549;hello;"{""count""=>18}";691;0;"[{""name""=>""Length"", ""text""=>""02:32""}]";2017-03-24T12:00:00+0000
158139660914197_1353244091403742;hello;"{""count""=>54}";7680;33;;2017-03-24T10:00:00+0000
158139660914197_1336071676454317;hello;"{""count""=>23}";942;2;;2017-03-24T08:40:00+0000
158139660914197_1353080878086730;hello;"{""count""=>15}";956;1;;2017-03-24T07:30:00+0000
158139660914197_1353221308072687;;;194;0;;2017-03-24T06:57:18+0000
158139660914197_1353220728072745;;;607;1;;2017-03-24T06:55:53+0000
158139660914197_1353132104748274;;;584;0;;2017-03-24T04:13:38+0000
158139660914197_1338888332839318;hello;"{""count""=>11}";830;1;;2017-03-24T03:10:00+0000
158139660914197_1353088704752614;;;30;0;;2017-03-24T02:54:19+0000
158139660914197_1353065531421598;hello;"{""count""=>28}";933;2;;2017-03-24T02:14:03+0000
158139660914197_1353007738094044;;;647;17;;2017-03-24T00:39:51+0000
158139660914197_1352308338163984;;;595;0;;2017-03-23T08:46:50+0000
158139660914197_1352235788171239;;;935;3;;2017-03-23T06:39:56+0000
158139660914197_1327845223943629;hello;;304;0;;2017-03-23T03:10:04+0000
158139660914197_1352070761521075;;;195;0;;2017-03-23T02:44:48+0000
158139660914197_1352021651525986;;;477;0;;2017-03-23T01:19:37+0000
158139660914197_1352018124859672;;;610;17;;2017-03-23T01:12:08+0000
158139660914197_1351285658266252;hello;"{""count""=>16}";1024;3;;2017-03-23T01:00:00+0000
158139660914197_1352001498194668;;;413;0;;2017-03-23T00:44:18+0000
158139660914197_1351344631593688;;;450;0;;2017-03-22T08:43:17+0000
158139660914197_1351300808264737;hello;"{""count""=>19}";532;2;"[{""name""=>""Length"", ""text""=>""00:34""}]";2017-03-22T08:15:00+0000
158139660914197_1351291511599000;;;575;3;;2017-03-22T07:20:03+0000
158139660914197_1351281261600025;hello;"{""count""=>15}";1310;50;;2017-03-22T06:56:41+0000
158139660914197_1351073171620834;;;523;3;;2017-03-22T01:18:58+0000
158139660914197_1351062471621904;;;202;0;;2017-03-22T01:04:40+0000
158139660914197_1350486878346130;;;822;6;;2017-03-21T09:58:19+0000
158139660914197_1338854446176040;hello;"{""count""=>27}";1951;18;;2017-03-21T09:10:00+0000
158139660914197_1350428508351967;;;225;0;;2017-03-21T08:21:23+0000
158139660914197_1350261921701959;;;351;0;;2017-03-21T02:53:22+0000
158139660914197_1350235538371264;;;226;0;;2017-03-21T02:09:42+0000
158139660914197_1350229071705244;;;928;3;;2017-03-21T01:55:55+0000
158139660914197_1350194421708709;;;553;1;;2017-03-21T00:51:14+0000
158139660914197_1345801555481329;hello;"{""count""=>37}";2601;19;;2017-03-20T03:00:01+0000
158139660914197_1338840966177388;hello;"{""count""=>12}";912;2;;2017-03-20T02:00:00+0000
158139660914197_1338821476179337;hello;"{""count""=>15}";924;1;;2017-03-20T00:00:00+0000
158139660914197_1346759155385569;hello;"{""count""=>48}";1267;11;"[{""name""=>""Length"", ""text""=>""00:52""}]";2017-03-17T12:00:00+0000
158139660914197_1346685365392948;hello;"{""count""=>14}";721;2;"[{""name""=>""Length"", ""text""=>""02:56""}]";2017-03-17T11:05:00+0000
158139660914197_1329790990415719;hello;"{""count""=>18}";803;3;;2017-03-17T10:15:00+0000
158139660914197_1345001198894698;hello;"{""count""=>11}";599;1;"[{""name""=>""Length"", ""text""=>""00:31""}]";2017-03-17T09:05:00+0000
158139660914197_1346825148712303;;;1106;3;;2017-03-17T08:59:24+0000
158139660914197_1345076818887136;hello;"{""count""=>10}";325;2;;2017-03-17T01:30:01+0000
158139660914197_1346542068740611;;;397;1;;2017-03-17T00:53:07+0000
158139660914197_1346510375410447;;;320;1;;2017-03-16T23:56:56+0000
158139660914197_1312518618809623;hello;"{""count""=>18}";716;1;;2017-03-16T09:10:01+0000
158139660914197_1345915708803247;;;308;1;;2017-03-16T08:29:48+0000
158139660914197_1344998098895008;hello;"{""count""=>17}";674;1;"[{""name""=>""Length"", ""text""=>""00:31""}]";2017-03-16T08:00:00+0000
158139660914197_1345816178813200;;;870;6;;2017-03-16T04:46:20+0000
158139660914197_1335971749797643;hello;"{""count""=>19}";1077;10;;2017-03-16T03:10:00+0000
158139660914197_1345738292154322;;;189;0;;2017-03-16T02:28:55+0000
158139660914197_1345072925554192;hello;"{""count""=>2}";288;1;;2017-03-16T01:30:00+0000
158139660914197_1345050865556398;hello;"{""count""=>7}";332;0;;2017-03-15T07:30:00+0000
158139660914197_1344914282236723;;;227;0;;2017-03-15T02:11:19+0000
158139660914197_1344866455574839;hello;"{""count""=>38}";922;11;;2017-03-15T00:31:39+0000
158139660914197_1343358645725620;hello;"{""count""=>78}";1918;9;;2017-03-14T09:05:01+0000
158139660914197_1344300978964720;;;425;1;;2017-03-14T08:20:32+0000
158139660914197_1344264202301731;;;837;2;;2017-03-14T06:56:45+0000
158139660914197_1344263278968490;;;553;0;;2017-03-14T06:54:45+0000
158139660914197_1344261185635366;;;437;1;;2017-03-14T06:52:30+0000
158139660914197_1343240325737452;hello;"{""count""=>37}";1117;6;;2017-03-14T06:00:00+0000
158139660914197_1334820083246143;hello;"{""count""=>51}";607;2;;2017-03-14T03:00:08+0000
158139660914197_1344089742319177;hello;"{""count""=>8}";448;1;"[{""name""=>""Length"", ""text""=>""02:22""}]";2017-03-14T02:20:00+0000
158139660914197_1335969096464575;hello;"{""count""=>23}";1006;23;;2017-03-13T09:10:00+0000
158139660914197_1343447365716748;;;204;0;;2017-03-13T08:25:05+0000
158139660914197_1343323712395780;hello;"{""count""=>16}";1412;1;;2017-03-13T04:50:54+0000
158139660914197_1327841573943994;hello;"{""count""=>7}";451;3;;2017-03-13T03:10:01+0000
158139660914197_1343191215742363;;;694;0;;2017-03-13T01:39:20+0000
158139660914197_1343184619076356;;;520;5;;2017-03-13T01:28:53+0000
158139660914197_1322448924483259;hello;"{""count""=>51}";1572;14;;2017-03-10T10:20:00+0000
158139660914197_1338889389505879;;;540;0;;2017-03-10T09:02:13+0000
158139660914197_1338495646211920;hello;"{""count""=>100}";1021;8;"[{""name""=>""Length"", ""text""=>""00:31""}]";2017-03-10T08:30:00+0000
158139660914197_1338544252873726;hello;"{""count""=>31}";1128;4;"[{""name""=>""Length"", ""text""=>""00:50""}]";2017-03-10T08:00:00+0000
158139660914197_1338484819546336;hello;"{""count""=>15}";652;1;;2017-03-10T06:00:00+0000
158139660914197_1338588049536013;;;512;0;;2017-03-10T03:13:19+0000
158139660914197_1338470189547799;;;887;0;;2017-03-10T01:05:24+0000
158139660914197_1323651137696371;hello;"{""count""=>2}";450;0;;2017-03-09T09:05:00+0000
158139660914197_1337087679686050;hello;"{""count""=>47}";1081;1;"[{""name""=>""Length"", ""text""=>""00:31""}]";2017-03-09T06:00:00+0000
158139660914197_1337241436337341;;;447;0;;2017-03-09T04:54:06+0000
158139660914197_1327836250611193;hello;"{""count""=>11}";595;5;;2017-03-09T03:35:01+0000
158139660914197_1335950366466448;hello;"{""count""=>65}";1446;5;"[{""name""=>""Length"", ""text""=>""01:26""}]";2017-03-09T01:00:00+0000
158139660914197_1335944573133694;hello;"{""count""=>13}";589;1;"[{""name""=>""Length"", ""text""=>""01:41""}]";2017-03-08T22:00:03+0000
158139660914197_1336140149780803;;;596;8;;2017-03-08T09:15:31+0000
158139660914197_1336133876448097;;;191;0;;2017-03-08T09:08:23+0000
158139660914197_1335853046476180;;;399;2;;2017-03-08T03:05:43+0000
158139660914197_1335791869815631;hello;"{""count""=>4}";324;0;;2017-03-08T01:37:59+0000
158139660914197_1335780926483392;;;446;1;;2017-03-08T01:24:53+0000
158139660914197_1335767533151398;;;367;0;;2017-03-08T01:09:41+0000
158139660914197_1335030349891783;hello;"{""count""=>82}";1963;9;;2017-03-07T22:05:00+0000
158139660914197_1335087613219390;;;386;0;;2017-03-07T08:43:40+0000
158139660914197_1335006239894194;;;520;3;;2017-03-07T06:44:00+0000
158139660914197_1334957853232366;;;349;0;;2017-03-07T05:25:05+0000
158139660914197_1334913179903500;;;385;0;;2017-03-07T04:23:35+0000
158139660914197_1329869313741220;hello;"{""count""=>51}";1679;19;;2017-03-07T03:00:00+0000
158139660914197_1334804366581048;;;189;0;;2017-03-07T01:51:01+0000
158139660914197_1334793466582138;;;532;1;;2017-03-07T01:28:40+0000
158139660914197_1334050916656393;hello;"{""count""=>14}";706;3;;2017-03-07T01:00:00+0000
158139660914197_1334767196584765;;;158;0;;2017-03-07T00:57:43+0000
158139660914197_1327819243946227;hello;"{""count""=>14}";864;8;;2017-03-06T09:10:00+0000
158139660914197_1333940240000794;;;217;0;;2017-03-06T04:29:00+0000
158139660914197_1320108118050673;hello;"{""count""=>24}";1158;3;;2017-03-06T03:10:00+0000
158139660914197_1333810386680446;;;133;0;;2017-03-06T01:09:07+0000
158139660914197_1320151548046330;hello;"{""count""=>16}";947;1;;2017-03-03T11:20:00+0000
158139660914197_1330870690307749;hello;"{""count""=>16}";984;2;;2017-03-03T09:03:00+0000
158139660914197_1329812407080244;hello;"{""count""=>80}";2036;18;"[{""name""=>""Length"", ""text""=>""00:53""}]";2017-03-03T08:00:00+0000
158139660914197_1330828410311977;hello;"{""count""=>8}";806;3;"[{""name""=>""Length"", ""text""=>""00:36""}]";2017-03-03T07:21:35+0000
158139660914197_1323636184364533;hello;"{""count""=>4}";420;0;;2017-03-03T06:00:00+0000
158139660914197_1329902437071241;hello;"{""count""=>32}";1432;4;;2017-03-03T03:00:02+0000
158139660914197_1330564197005065;hello;"{""count""=>3}";371;0;;2017-03-03T00:36:19+0000
158139660914197_1329966867064798;;;415;0;;2017-03-02T09:58:12+0000
158139660914197_1312514595476692;hello;"{""count""=>11}";480;0;;2017-03-02T09:10:01+0000
158139660914197_1329918700402948;;;366;0;;2017-03-02T08:15:20+0000
158139660914197_1329780660416752;hello;"{""count""=>13}";695;0;;2017-03-02T06:05:00+0000
158139660914197_1329726457088839;;;1004;0;;2017-03-02T04:46:49+0000
158139660914197_1329710477090437;;;442;0;;2017-03-02T04:17:54+0000
158139660914197_1321605491234269;hello;"{""count""=>15}";1018;6;;2017-03-02T03:10:00+0000
158139660914197_1329662307095254;;;200;0;;2017-03-02T02:32:21+0000
158139660914197_1329637643764387;;;866;0;;2017-03-02T02:12:39+0000
158139660914197_1329615643766587;;;410;1;;2017-03-02T01:52:09+0000
158139660914197_1329606913767460;;;462;0;;2017-03-02T01:34:07+0000
158139660914197_1328869830507835;;;939;1;;2017-03-01T07:17:49+0000
158139660914197_1328862250508593;;;534;0;;2017-03-01T07:02:32+0000
158139660914197_1328562500538568;hello;"{""count""=>23}";1070;5;"[{""name""=>""Length"", ""text""=>""00:03""}]";2017-03-01T03:00:00+0000
158139660914197_1328603503867801;;;304;1;;2017-03-01T02:24:52+0000
158139660914197_1328501107211374;hello;"{""count""=>12}";737;1;;2017-03-01T01:30:00+0000
158139660914197_1328490593879092;;;488;0;;2017-03-01T00:28:39+0000
158139660914197_1327867850608033;hello;"{""count""=>20}";1244;4;;2017-02-28T22:30:00+0000
158139660914197_1327838230610995;;;200;0;;2017-02-28T08:04:06+0000
158139660914197_1327787347282750;;;723;4;;2017-02-28T06:47:40+0000
