ID;LIKES;COMMENTSSHAREDCREATED
170598262971636_1435696069795176;796;96;2;2017-01-31T14:52:35+0000
170598262971636_1434805566550893;513;4;8;2017-01-30T16:21:11+0000
170598262971636_1431925320172251;655;30;0;2017-01-27T16:41:49+0000
170598262971636_1430500190314764;441;7;2;2017-01-26T12:47:09+0000
170598262971636_1428129370551846;452;8;5;2017-01-24T14:51:06+0000
170598262971636_1426685650696218;290;4;3;2017-01-23T14:20:08+0000
170598262971636_1423713360993447;376;5;2;2017-01-20T21:35:05+0000
170598262971636_1422798301084953;95;3;0;2017-01-19T21:10:20+0000
170598262971636_10154034579040764;356;13;1;2017-01-18T20:05:47+0000
170598262971636_1420507007980749;129;8;0;2017-01-17T16:34:25+0000
170598262971636_1416582568373193;730;10;5;2017-01-13T20:59:54+0000
170598262971636_1415383245159792;452;10;1;2017-01-12T17:01:06+0000
170598262971636_1414174075280709;1149;10;3;2017-01-11T16:15:23+0000
170598262971636_1412285868802863;1272;33;5;2017-01-09T15:29:25+0000
170598262971636_1409654312399352;123;0;0;2017-01-06T21:27:41+0000
170598262971636_1408505245847592;881;15;4;2017-01-05T19:04:08+0000
170598262971636_1407536512611132;76;1;0;2017-01-04T17:56:41+0000
170598262971636_1406553109376139;339;1;1;2017-01-03T16:53:04+0000
170598262971636_1404586959572754;1467;19;2;2017-01-01T15:20:10+0000
170598262971636_1402588513105932;373;3;0;2016-12-30T15:54:07+0000
170598262971636_1400839113280872;251;1;0;2016-12-28T16:17:07+0000
170598262971636_1399934643371319;253;8;0;2016-12-27T16:05:15+0000
170598262971636_1399091826788934;371;5;3;2016-12-26T15:32:44+0000
170598262971636_1398117250219725;2327;27;0;2016-12-25T13:54:06+0000
170598262971636_1396139247084192;290;3;1;2016-12-23T15:58:01+0000
170598262971636_1395115400519910;530;10;1;2016-12-22T16:27:29+0000
170598262971636_1392129670818483;259;2;0;2016-12-19T15:20:12+0000
170598262971636_1384577458240371;315;10;1;2016-12-13T17:22:58+0000
170598262971636_1383183361713114;543;6;0;2016-12-12T16:19:33+0000
170598262971636_1379335818764535;425;7;0;2016-12-09T19:14:06+0000
170598262971636_1377309408967176;326;4;2;2016-12-08T16:32:18+0000
170598262971636_10153916886490764;334;2;3;2016-12-07T15:11:52+0000
170598262971636_1374151965949587;296;7;1;2016-12-06T20:50:54+0000
170598262971636_1372229786141805;501;6;11;2016-12-05T16:45:54+0000
170598262971636_1368040366560747;523;8;0;2016-12-02T19:58:29+0000
170598262971636_1366558826708901;1005;22;2;2016-12-01T17:26:05+0000
170598262971636_10153899614440764;1199;23;5;2016-11-30T16:34:58+0000
170598262971636_1364142066950577;88;3;0;2016-11-29T15:31:21+0000
170598262971636_1362815630416554;699;11;2;2016-11-28T15:08:49+0000
170598262971636_1358527114178739;1046;14;3;2016-11-24T15:24:05+0000
170598262971636_1357410004290450;86;7;1;2016-11-23T16:18:15+0000
170598262971636_1356389024392548;235;5;1;2016-11-22T16:03:48+0000
170598262971636_1355283334503117;171;1;1;2016-11-21T15:27:38+0000
170598262971636_1352220664809384;341;7;5;2016-11-18T21:21:00+0000
170598262971636_1779323652330045;478;36;1;2016-11-17T19:53:00+0000
170598262971636_1349999495031501;1122;9;0;2016-11-16T19:15:23+0000
170598262971636_1348779008486883;560;14;0;2016-11-15T16:17:07+0000
170598262971636_1347575301940587;149;7;1;2016-11-14T15:48:13+0000
170598262971636_1343050689059715;136;3;0;2016-11-10T14:36:45+0000
170598262971636_1341188292579288;151;6;0;2016-11-08T17:06:40+0000
