2017-03-07T08:00:00+0000
VN4385
MM313
KH56
JP55
TH40
EG36
CN18
IN16
MY12
KR11
TW10
BR9
PK8
YE7
IQ7
US5
BD4
ID4
DZ4
SA3
PE3
MA3
SG2
TR2
SY2
PH2
AE2
NO2
CA2
IR2
LK2
KP1
PT1
QA1
RS1
IT1
SD1
NG1
IL1
EC1
CY1
CL1
UY1
BW1
LY1
2017-03-08T08:00:00+0000
VN4544
MM313
KH58
JP55
TH40
EG36
CN18
IN16
KR11
MY11
TW10
BR9
PK8
YE7
IQ7
US5
ID4
DZ4
BD4
MA3
PE3
SA3
PH2
SG2
SY2
TR2
AE2
NO2
LK2
CA2
IR2
BW1
CZ1
DE1
TN1
IL1
IT1
SD1
JO1
RS1
QA1
PT1
KP1
AF1
LA1
2017-03-09T08:00:00+0000
VN4565
MM313
KH58
JP56
TH40
EG36
CN18
IN16
KR11
MY11
TW10
BR9
PK8
IQ7
YE7
US5
ID4
DZ4
BD4
SA3
PE3
MA3
SY2
PH2
TR2
NO2
SG2
AE2
LK2
CA2
IR2
TN1
BW1
UY1
CL1
CO1
EC1
DE1
LA1
IL1
SD1
QA1
IT1
JO1
KW1
2017-03-10T08:00:00+0000
VN4577
MM314
KH58
JP56
TH40
EG36
CN18
IN16
KR11
TW11
MY11
BR9
PK8
IQ7
YE7
US5
DZ4
BD4
ID4
SA3
PE3
MA3
SY2
SG2
TR2
PH2
AE2
NO2
LK2
CA2
IR2
WS1
BW1
UY1
CL1
CO1
EC1
DE1
IT1
RS1
QA1
PT1
KP1
AF1
KW1
2017-03-11T08:00:00+0000
VN4581
MM314
KH58
JP56
TH40
EG36
CN18
IN16
KR11
MY11
TW11
BR9
PK8
IQ7
YE7
US5
DZ4
ID4
BD4
PE3
SA3
MA3
TR2
SY2
SG2
PH2
AE2
NO2
IR2
LK2
CA2
WS1
BW1
CL1
CZ1
IL1
JO1
NG1
SD1
KW1
RS1
QA1
PT1
AF1
LY1
2017-03-12T08:00:00+0000
VN4584
MM314
KH59
JP56
TH40
EG36
CN18
IN16
KR12
MY11
TW11
BR9
PK8
YE7
IQ7
US5
ID4
BD4
DZ4
SA3
PE3
PH3
MA3
TR2
SY2
SG2
TN2
AE2
NO2
IR2
CA2
LK2
PT1
RS1
KP1
SD1
NG1
IT1
AF1
IL1
CY1
CL1
LY1
BW1
JO1
2017-03-13T08:00:00+0000
VN4589
MM314
KH59
JP57
TH40
EG36
CN18
IN16
MY12
KR12
TW11
BR9
PK8
YE7
IQ7
US5
ID4
DZ4
BD4
PE3
SA3
MA3
PH3
SY2
SG2
TN2
TR2
AE2
NO2
LK2
CA2
IR2
RS1
KP1
SD1
JO1
QA1
EC1
DE1
CZ1
CL1
PT1
BW1
WS1
LY1
2017-03-14T07:00:00+0000
VN4658
MM314
KH59
JP57
TH40
EG36
CN18
IN17
KR12
MY11
TW11
BR9
PK8
IQ7
YE7
US5
ID4
DZ4
BD4
SA3
PH3
PE3
MA3
SG2
IR2
CA2
TR2
TN2
SY2
AE2
LK2
NO2
QA1
RS1
KW1
SD1
LY1
LA1
IL1
DE1
CL1
UY1
NG1
WS1
AF1
2017-03-15T07:00:00+0000
VN4698
MM314
KH59
JP57
TH40
EG36
CN18
IN18
KR12
TW11
MY11
BR9
PK8
YE7
IQ7
US5
ID4
BD4
DZ4
SA3
PH3
PE3
MA3
SG2
TN2
TR2
SY2
AE2
NO2
CA2
IR2
LK2
AF1
QA1
RS1
JO1
IT1
LY1
IL1
FR1
CZ1
CO1
CL1
WS1
LA1
2017-03-16T07:00:00+0000
VN4754
MM314
KH58
JP57
TH40
EG36
IN18
CN18
KR12
TW11
MY11
BR9
PK8
IQ7
YE7
ID5
US5
DZ4
BD4
SA3
PH3
PE3
MA3
TN2
TR2
NO2
SY2
AE2
LK2
CA2
IR2
NG1
DE1
WS1
UY1
CL1
CY1
FR1
EC1
LY1
IL1
PT1
IT1
JO1
LA1
2017-03-17T07:00:00+0000
VN4767
MM314
KH58
JP57
TH40
EG36
CN18
IN18
KR12
MY11
TW11
BR9
PK8
YE7
IQ7
ID5
US5
DZ4
BD4
SA3
PH3
PE3
MA3
TN2
TR2
SY2
NO2
AE2
IR2
LK2
CA2
NG1
WS1
UY1
CL1
CZ1
IL1
IT1
LY1
JO1
KP1
PT1
KW1
AF1
LA1
2017-03-18T07:00:00+0000
VN4771
MM314
KH58
JP58
TH40
EG36
IN18
CN18
KR12
MY11
TW10
BR9
PK8
IQ7
YE7
US5
ID5
BD4
DZ4
PH3
PE3
CA3
MA3
SA3
TR2
TN2
SY2
SG2
AE2
NO2
LK2
IR2
CY1
CO1
PT1
QA1
DE1
SD1
KW1
AF1
KP1
EC1
BW1
FR1
IL1
2017-03-19T07:00:00+0000
VN4773
MM314
KH58
JP58
TH41
EG36
IN18
CN18
KR12
MY11
TW10
BR9
PK8
YE7
IQ7
BD5
ID5
US5
DZ4
CA3
SA3
PE3
PH3
MA3
SY2
TR2
TN2
AE2
NO2
IR2
LK2
QA1
RS1
KW1
SD1
SG1
LY1
LA1
IL1
DE1
CY1
CO1
BW1
WS1
JO1
2017-03-20T07:00:00+0000
VN4773
MM315
KH58
JP58
TH41
EG36
IN18
CN18
KR12
MY12
TW10
BR9
PK8
YE7
IQ7
ID5
BD5
US5
DZ4
SA3
PH3
MA3
PE3
CA3
SY2
TR2
TN2
AE2
NO2
IR2
LK2
AF1
PT1
QA1
LA1
SD1
NG1
IT1
LY1
DE1
CZ1
CL1
UY1
BW1
KP1
2017-03-21T07:00:00+0000
VN4778
MM316
KH58
JP58
TH41
EG36
IN18
CN18
KR12
MY11
TW10
BR9
PK8
YE8
IQ7
BD5
US5
ID5
DZ4
CA3
SA3
MA3
PH3
PE3
NO2
TR2
TN2
SY2
SG2
AE2
LK2
IR2
NG1
DE1
CY1
RS1
KW1
AF1
KP1
EC1
JO1
BW1
IT1
UY1
IL1
2017-03-22T07:00:00+0000
VN4867
MM316
JP59
KH58
TH40
EG36
CN18
IN17
KR12
MY11
TW10
BR9
YE8
PK8
IQ7
ID5
US5
BD5
DZ4
PE3
SA3
MA3
CA3
PH3
TN2
SY2
TR2
SG2
AE2
NO2
LK2
IR2
NG1
RS1
AF1
SD1
JO1
IT1
EC1
DE1
CY1
UY1
CL1
WS1
LY1
2017-03-23T07:00:00+0000
VN4972
MM318
KH59
JP59
TH40
EG36
CN18
IN17
KR12
MY12
TW10
BR9
PK8
YE8
IQ7
BD6
ID5
US5
DZ4
PE3
TR3
CA3
SA3
PH3
MA3
TN2
SY2
NO2
AE2
IR2
LK2
AF1
IT1
BW1
EC1
KP1
CZ1
LA1
FR1
SD1
QA1
CL1
LY1
DE1
SG1
2017-03-24T07:00:00+0000
VN4992
MM318
KH59
JP59
TH41
EG36
IN18
CN18
KR12
MY11
TW10
BR9
PK8
YE8
IQ7
BD6
US5
ID5
DZ4
PE3
SA3
TR3
PH3
MA3
CA3
TN2
SY2
AE2
NO2
IR2
LK2
AF1
RS1
LA1
SG1
KW1
NG1
LY1
IL1
EC1
DE1
UY1
CO1
WS1
IT1
2017-03-25T07:00:00+0000
VN4999
MM318
KH60
JP59
TH41
EG36
IN18
CN18
KR12
MY11
TW10
BR9
PK8
YE8
IQ7
BD6
ID5
US5
DZ4
PE3
SA3
TR3
MA3
CA3
PH3
SY2
TN2
AE2
NO2
IR2
LK2
LA1
PT1
QA1
RS1
KW1
IT1
NG1
IL1
CY1
CO1
CL1
UY1
BW1
WS1
2017-03-26T07:00:00+0000
VN5006
MM318
KH60
JP59
TH41
EG36
CN18
IN18
KR12
MY11
TW10
BR9
PK8
YE8
IQ7
BD6
ID5
US5
DZ4
PE3
TR3
SA3
PH3
MA3
CA3
TN2
SY2
AE2
NO2
LK2
IR2
WS1
BW1
CL1
EC1
FR1
KP1
IT1
SG1
SD1
KW1
RS1
QA1
LA1
LB1
2017-03-27T07:00:00+0000
VN5024
MM319
KH60
JP60
TH41
EG36
IN18
CN18
KR12
MY11
TW10
BR9
YE8
PK8
IQ8
BD6
ID5
US5
DZ4
SA4
MA3
PH3
TR3
PE3
CA3
SY2
TN2
AE2
NO2
IR2
LA2
LK2
AF1
RS1
LB1
SD1
SG1
NG1
KP1
LY1
EC1
DE1
CL1
UY1
BW1
Last: 5708
Change: 667
