2017-03-07T08:00:00+0000
JP64811
ID750
TH724
TW492
VN396
BR364
US352
PH301
MM267
MY265
IT165
MX153
IN148
KR141
KH132
DZ105
FR91
HK89
DE88
EG88
TR87
BD71
GB68
PK67
CN65
AU64
IQ61
SG59
NL58
PE55
ES53
MA51
NP47
NG43
LK42
MN41
CO39
PL39
PT39
AE38
SA36
GR36
CA33
RO32
EC28
2017-03-08T08:00:00+0000
JP64810
ID750
TH725
TW493
VN395
BR363
US351
PH301
MM267
MY265
IT164
MX153
IN148
KR141
KH133
DZ105
FR91
HK89
DE89
EG88
TR87
BD71
GB68
CN66
PK66
AU64
IQ61
SG59
NL58
PE55
ES53
MA51
NP47
NG43
LK42
MN41
CO39
PL39
PT39
AE38
SA36
GR36
RO32
CA32
EC28
2017-03-09T08:00:00+0000
JP64806
ID750
TH726
TW494
VN395
BR362
US353
PH300
MM267
MY265
IT164
MX153
IN148
KR142
KH134
DZ105
FR90
HK89
DE89
EG88
TR87
BD72
GB68
CN66
PK64
AU64
IQ61
SG59
NL58
PE55
ES53
MA51
NP47
NG43
LK43
MN41
CO39
PL39
PT39
AE38
SA37
GR36
RO32
CA32
EC28
2017-03-10T08:00:00+0000
JP64809
ID751
TH727
TW494
VN394
BR361
US351
PH302
MM267
MY265
IT164
MX152
IN148
KR142
KH134
DZ105
EG90
FR89
HK89
DE88
TR87
BD71
GB69
CN66
PK65
AU64
IQ61
SG59
NL59
PE56
ES53
MA52
NP47
NG44
LK43
MN41
PT40
CO39
PL39
AE38
SA36
GR36
RO32
CA32
EC29
2017-03-11T08:00:00+0000
JP64803
ID752
TH727
TW494
VN395
BR361
US350
PH302
MM267
MY266
IT164
MX153
IN148
KR142
KH135
DZ105
FR90
EG90
TR89
HK89
DE88
BD71
GB69
CN66
AU66
PK65
IQ61
SG58
NL58
PE54
ES53
MA52
NP47
NG44
LK43
MN41
PT40
CO39
PL39
AE38
SA36
GR36
CA33
RO32
EC29
2017-03-12T08:00:00+0000
JP64794
ID753
TH726
TW494
VN396
BR362
US354
PH303
MY266
MM266
IT164
MX152
IN149
KR142
KH136
DZ105
FR90
EG90
HK89
DE89
TR88
BD72
GB69
CN65
PK65
AU65
IQ61
NL59
SG58
PE55
ES53
MA52
NP47
NG44
LK43
MN41
PT40
CO39
PL39
AE38
SA36
GR36
CA33
RO32
EC29
2017-03-13T08:00:00+0000
JP64799
ID753
TH726
TW494
VN396
BR362
US351
PH302
MM267
MY266
IT166
MX154
IN149
KR142
KH135
DZ105
FR90
EG90
TR89
HK89
DE89
BD71
GB70
AU68
CN65
PK64
IQ61
NL59
SG58
PE54
ES53
MA52
NP47
NG43
LK43
MN41
PT40
CO39
PL39
AE38
SA36
GR36
CA33
RO32
EC29
2017-03-14T07:00:00+0000
JP64799
ID756
TH727
TW494
VN396
BR361
US354
PH303
MM267
MY266
IT165
MX153
IN150
KR140
KH135
DZ105
FR91
TR90
EG90
HK89
DE88
BD72
GB70
AU68
CN65
PK65
IQ61
NL58
SG57
PE55
ES53
MA52
NP46
NG43
LK43
MN41
PT40
CO39
PL39
AE38
SA36
GR36
CA33
RO32
EC29
2017-03-15T07:00:00+0000
JP64797
ID756
TH726
TW492
VN396
BR361
US355
PH303
MM269
MY268
IT168
MX154
IN150
KR140
KH136
DZ105
TR91
FR91
EG90
HK88
DE88
BD71
GB70
CN68
AU67
PK65
IQ61
NL58
SG56
PE55
ES53
MA52
NP46
NG43
LK43
MN42
PT40
CO39
PL39
AE38
SA36
GR36
RO32
CA32
EC29
2017-03-16T07:00:00+0000
JP64793
ID756
TH726
TW493
VN396
BR361
US355
PH304
MM269
MY268
IT167
MX153
IN150
KR139
KH137
DZ105
TR92
FR90
EG90
HK88
DE88
BD71
CN69
GB69
AU67
PK65
IQ61
NL59
SG56
PE55
ES53
MA52
NP45
NG43
LK43
MN42
PT40
CO39
PL39
AE38
SA36
GR36
RO32
CA32
EC29
2017-03-17T07:00:00+0000
JP64794
ID757
TH726
TW493
VN396
BR361
US355
PH304
MM269
MY268
IT167
MX153
IN151
KR139
KH137
DZ106
TR94
FR90
EG90
HK89
DE89
BD71
CN69
GB69
AU67
PK65
IQ61
NL59
SG56
PE55
ES53
MA52
NP45
NG43
LK43
MN42
PT40
CO39
PL39
AE38
SA36
GR36
RO32
CA32
EC29
2017-03-18T07:00:00+0000
JP64803
ID756
TH725
TW493
VN398
BR361
US355
PH303
MM270
MY268
IT168
MX153
IN151
KR140
KH136
DZ106
TR94
FR90
EG90
HK89
DE89
BD73
GB70
CN69
AU68
PK65
IQ61
NL59
SG57
PE54
ES53
MA52
NP45
NG43
LK42
MN42
PT40
CO39
PL39
AE38
SA36
GR35
CA33
RO32
EC29
2017-03-19T07:00:00+0000
JP64807
ID755
TH726
TW492
VN396
BR362
US354
PH303
MM269
MY268
IT167
MX154
IN151
KR140
KH137
DZ106
TR94
EG90
FR89
HK89
DE89
BD72
GB71
CN69
AU68
PK65
IQ61
NL59
SG57
PE55
ES53
MA52
NP45
NG43
LK42
MN42
PT40
CO39
PL39
AE38
SA36
GR35
RO32
CA32
EC29
2017-03-20T07:00:00+0000
JP64806
ID754
TH726
TW494
VN396
BR363
US356
PH303
MM269
MY267
IT169
MX153
IN151
KR143
KH137
DZ106
TR95
EG90
FR89
HK88
DE88
BD72
GB71
CN69
AU69
PK64
IQ61
NL59
SG57
PE55
ES53
MA52
NP45
NG43
LK42
MN42
PT40
CO39
PL39
AE38
SA36
GR35
RO32
CA32
EC29
2017-03-21T07:00:00+0000
JP64805
ID757
TH726
TW495
VN396
BR363
US355
PH301
MM269
MY267
IT168
MX155
IN151
KR144
KH137
DZ106
TR96
EG90
FR89
DE89
HK88
BD73
GB71
AU69
CN68
PK64
IQ61
NL59
SG57
PE55
ES53
MA52
NP46
NG43
LK42
MN42
PT40
CO39
PL39
AE38
SA36
GR35
RO32
CA32
EC29
2017-03-22T07:00:00+0000
JP64813
ID756
TH726
TW493
VN395
BR364
US353
PH300
MM269
MY267
IT169
MX154
IN151
KR145
KH137
DZ106
TR98
EG90
FR89
DE89
HK88
BD73
GB70
AU70
CN69
PK65
IQ61
NL59
SG57
PE54
ES53
MA52
NP47
NG43
MN43
LK42
PT40
CO39
PL39
AE38
SA36
GR35
RO32
CA31
EC29
2017-03-23T07:00:00+0000
JP64811
ID756
TH726
TW493
VN395
BR365
US354
PH300
MM270
MY268
IT169
MX155
IN152
KR144
KH137
DZ106
TR99
EG90
FR89
DE89
HK88
BD73
CN70
GB70
AU68
PK65
IQ61
NL59
SG58
PE54
ES53
MA51
NP47
NG43
MN43
LK41
PT40
CO39
PL39
AE37
SA35
GR35
RO32
CA31
EC29
2017-03-24T07:00:00+0000
JP64813
ID755
TH728
TW495
VN395
BR365
US352
PH298
MM270
MY268
IT169
MX154
IN152
KR142
KH137
DZ106
TR99
EG90
DE89
HK88
FR88
BD72
CN70
GB69
AU68
PK65
IQ61
NL59
SG57
PE55
ES53
MA51
NP48
NG43
MN43
LK41
PT40
CO39
PL39
AE37
SA35
GR35
RO32
CA31
EC29
2017-03-25T07:00:00+0000
JP64804
ID755
TH731
TW493
VN395
BR365
US353
PH299
MM270
MY267
IT171
MX154
IN152
KR143
KH136
DZ106
TR100
DE90
EG90
HK89
FR88
BD72
GB70
CN69
AU69
PK65
IQ62
NL59
SG58
PE56
ES53
MA51
NP48
MN44
NG43
LK41
CO40
PT40
PL39
AE38
SA35
GR35
RO32
CA32
EC29
2017-03-26T07:00:00+0000
JP64808
ID755
TH731
TW493
VN395
BR365
US354
PH299
MM270
MY267
IT171
MX154
IN152
KR143
KH136
DZ106
TR100
DE90
EG90
HK89
FR88
BD72
GB70
CN69
AU68
PK65
IQ62
NL59
SG58
PE56
ES53
MA51
NP48
MN44
NG43
LK41
CO40
PT40
PL39
AE38
SA35
GR35
RO32
CA32
EC29
2017-03-27T07:00:00+0000
JP64803
ID755
TH731
TW493
VN395
BR365
US354
PH300
MM271
MY267
IT171
MX154
IN153
KR143
KH136
DZ106
TR100
DE90
EG90
FR89
HK89
BD72
GB70
CN69
AU68
PK65
IQ62
NL59
SG58
PE56
ES53
MA51
NP48
MN44
NG43
LK41
CO40
PT40
PL39
AE38
SA35
GR35
RO32
CA32
EC29
Last: 71234
Change: 60
