2017-03-07T08:00:00+0000
Country: KH: 2383
Country: US: 1829
Country: TH: 1399
Country: VN: 660
Country: JP: 223
Country: MM: 189
Country: NL: 176
Country: ID: 107
Country: PH: 74
Country: BR: 72
Country: IT: 71
Country: IN: 55
Country: ES: 50
Country: TR: 43
Country: MY: 41
Country: KR: 39
Country: PT: 37
Country: PK: 25
Country: BD: 24
Country: TW: 22
Country: FR: 16
Country: EG: 16
Country: GB: 15
Country: AU: 14
Country: NO: 14
Country: SA: 12
Country: QA: 11
Country: LK: 11
Country: MX: 11
Country: AR: 11
Country: DK: 10
Country: PL: 10
Country: DE: 10
Country: SG: 9
Country: YE: 9
Country: SE: 8
Country: NG: 8
Country: LA: 8
Country: IQ: 8
Country: HR: 8
Country: GR: 7
Country: BE: 7
Country: AE: 7
Country: RO: 6
Country: PE: 6
2017-03-08T08:00:00+0000
Country: KH: 2383
Country: US: 1830
Country: TH: 1401
Country: VN: 661
Country: JP: 224
Country: MM: 188
Country: NL: 175
Country: ID: 108
Country: PH: 74
Country: IT: 73
Country: BR: 72
Country: IN: 56
Country: ES: 50
Country: TR: 43
Country: MY: 41
Country: KR: 39
Country: PT: 37
Country: PK: 25
Country: BD: 24
Country: TW: 22
Country: FR: 16
Country: EG: 16
Country: GB: 14
Country: NO: 14
Country: AU: 14
Country: SA: 12
Country: QA: 11
Country: MX: 11
Country: LK: 11
Country: AR: 11
Country: DE: 11
Country: DK: 10
Country: PL: 10
Country: IQ: 9
Country: SG: 9
Country: YE: 9
Country: LA: 8
Country: SE: 8
Country: NG: 8
Country: HR: 8
Country: GR: 7
Country: BE: 7
Country: AE: 7
Country: PR: 6
Country: CN: 6
2017-03-09T08:00:00+0000
Country: KH: 2383
Country: US: 1831
Country: TH: 1401
Country: VN: 661
Country: JP: 224
Country: MM: 188
Country: NL: 175
Country: ID: 108
Country: PH: 75
Country: IT: 74
Country: BR: 72
Country: IN: 56
Country: ES: 50
Country: TR: 43
Country: MY: 41
Country: KR: 39
Country: PT: 37
Country: PK: 25
Country: BD: 24
Country: TW: 22
Country: FR: 16
Country: EG: 16
Country: GB: 14
Country: AU: 14
Country: NO: 14
Country: SA: 12
Country: QA: 11
Country: DE: 11
Country: MX: 11
Country: LK: 11
Country: AR: 11
Country: DK: 10
Country: PL: 10
Country: SG: 9
Country: YE: 9
Country: NG: 8
Country: LA: 8
Country: SE: 8
Country: IQ: 8
Country: HR: 8
Country: AE: 8
Country: GR: 7
Country: BE: 7
Country: CN: 6
Country: CH: 6
2017-03-10T08:00:00+0000
Country: KH: 2382
Country: US: 1832
Country: TH: 1401
Country: VN: 661
Country: JP: 226
Country: MM: 188
Country: NL: 175
Country: ID: 107
Country: PH: 75
Country: IT: 74
Country: BR: 72
Country: IN: 58
Country: ES: 50
Country: TR: 43
Country: MY: 41
Country: KR: 39
Country: PT: 37
Country: PK: 25
Country: BD: 24
Country: TW: 22
Country: FR: 16
Country: EG: 16
Country: GB: 15
Country: NO: 14
Country: AU: 14
Country: SA: 12
Country: QA: 11
Country: LK: 11
Country: MX: 11
Country: AR: 11
Country: DE: 11
Country: DK: 10
Country: PL: 10
Country: SG: 9
Country: YE: 9
Country: NG: 8
Country: SE: 8
Country: LA: 8
Country: IQ: 8
Country: HR: 8
Country: AE: 8
Country: GR: 7
Country: BE: 7
Country: MV: 6
Country: MN: 6
2017-03-11T08:00:00+0000
Country: KH: 2380
Country: US: 1832
Country: TH: 1401
Country: VN: 661
Country: JP: 225
Country: MM: 188
Country: NL: 175
Country: ID: 107
Country: IT: 75
Country: PH: 75
Country: BR: 72
Country: IN: 58
Country: ES: 50
Country: TR: 43
Country: MY: 41
Country: KR: 40
Country: PT: 37
Country: PK: 25
Country: BD: 25
Country: TW: 22
Country: FR: 16
Country: EG: 16
Country: GB: 15
Country: AU: 14
Country: NO: 14
Country: SA: 13
Country: AR: 11
Country: QA: 11
Country: MX: 11
Country: DE: 11
Country: LK: 11
Country: DK: 10
Country: PL: 10
Country: YE: 9
Country: SG: 9
Country: SE: 8
Country: AE: 8
Country: NG: 8
Country: IQ: 8
Country: HR: 8
Country: LA: 8
Country: GR: 7
Country: BE: 7
Country: RO: 6
Country: CH: 6
2017-03-12T08:00:00+0000
Country: KH: 2381
Country: US: 1832
Country: TH: 1399
Country: VN: 661
Country: JP: 226
Country: MM: 189
Country: NL: 176
Country: ID: 107
Country: IT: 75
Country: PH: 75
Country: BR: 72
Country: IN: 58
Country: ES: 50
Country: TR: 43
Country: MY: 41
Country: KR: 40
Country: PT: 37
Country: PK: 25
Country: BD: 25
Country: TW: 22
Country: FR: 16
Country: EG: 16
Country: GB: 15
Country: AU: 14
Country: NO: 14
Country: SA: 13
Country: LK: 11
Country: MX: 11
Country: AR: 11
Country: DE: 11
Country: QA: 11
Country: DK: 10
Country: PL: 10
Country: SG: 9
Country: YE: 9
Country: SE: 8
Country: NG: 8
Country: LA: 8
Country: IQ: 8
Country: HR: 8
Country: AE: 8
Country: GR: 7
Country: PR: 6
Country: PE: 6
Country: CH: 6
2017-03-13T08:00:00+0000
Country: ID: 6353
Country: IN: 3034
Country: KH: 2379
Country: US: 1836
Country: TR: 1771
Country: PH: 1549
Country: TH: 1433
Country: IT: 1129
Country: VN: 739
Country: GR: 397
Country: ES: 388
Country: FR: 277
Country: JP: 226
Country: MM: 191
Country: NL: 177
Country: AU: 132
Country: HR: 103
Country: BR: 77
Country: MY: 55
Country: PL: 53
Country: TL: 50
Country: CZ: 44
Country: KR: 42
Country: PT: 38
Country: CA: 37
Country: PK: 29
Country: TW: 27
Country: BD: 26
Country: RU: 21
Country: SA: 21
Country: GB: 21
Country: DE: 18
Country: SI: 17
Country: RO: 17
Country: EG: 17
Country: NO: 15
Country: DK: 15
Country: AE: 13
Country: SY: 12
Country: NP: 12
Country: MX: 12
Country: IQ: 12
Country: QA: 11
Country: AR: 11
Country: LK: 11
2017-03-14T07:00:00+0000
Country: ID: 17305
Country: IN: 9242
Country: PH: 4737
Country: TR: 4350
Country: IT: 2883
Country: KH: 2378
Country: US: 1842
Country: TH: 1527
Country: VN: 875
Country: ES: 809
Country: GR: 754
Country: FR: 637
Country: AU: 426
Country: JP: 230
Country: HR: 208
Country: MM: 193
Country: NL: 182
Country: TL: 120
Country: CA: 113
Country: PL: 100
Country: CZ: 98
Country: BR: 84
Country: MY: 80
Country: PT: 61
Country: DE: 51
Country: SI: 48
Country: KR: 46
Country: GB: 33
Country: SA: 33
Country: PK: 32
Country: RU: 32
Country: BD: 31
Country: TW: 30
Country: DK: 27
Country: SY: 21
Country: NP: 21
Country: RO: 21
Country: AE: 19
Country: CN: 18
Country: NO: 17
Country: EG: 17
Country: AT: 16
Country: IQ: 15
Country: QA: 13
Country: TM: 13
2017-03-15T07:00:00+0000
Country: ID: 26871
Country: IN: 15347
Country: PH: 7971
Country: TR: 6505
Country: IT: 3852
Country: KH: 2379
Country: US: 1844
Country: TH: 1627
Country: GR: 1110
Country: ES: 1004
Country: VN: 960
Country: FR: 829
Country: PT: 776
Country: AU: 632
Country: HR: 323
Country: JP: 232
Country: TL: 206
Country: MM: 196
Country: NL: 186
Country: CA: 180
Country: PL: 156
Country: CZ: 124
Country: MY: 105
Country: BR: 90
Country: DE: 79
Country: SI: 66
Country: SA: 50
Country: GB: 47
Country: KR: 46
Country: RU: 40
Country: PK: 36
Country: BD: 36
Country: TW: 33
Country: DK: 30
Country: NP: 28
Country: AE: 28
Country: RO: 27
Country: SY: 22
Country: EG: 22
Country: CN: 22
Country: AT: 21
Country: IQ: 19
Country: TM: 18
Country: NO: 17
Country: SG: 17
2017-03-16T07:00:00+0000
Country: ID: 34231
Country: IN: 19966
Country: PH: 10618
Country: TR: 8000
Country: IT: 4663
Country: KH: 2380
Country: US: 1852
Country: TH: 1655
Country: GR: 1407
Country: PT: 1227
Country: ES: 1146
Country: VN: 1041
Country: FR: 1003
Country: AU: 809
Country: HR: 400
Country: TL: 248
Country: CA: 233
Country: JP: 230
Country: MM: 198
Country: PL: 193
Country: NL: 192
Country: DE: 161
Country: CZ: 144
Country: MY: 124
Country: BR: 93
Country: SI: 72
Country: GB: 56
Country: SA: 55
Country: RU: 52
Country: KR: 48
Country: PK: 40
Country: BD: 38
Country: TW: 34
Country: NP: 33
Country: DK: 32
Country: AE: 32
Country: RO: 27
Country: AT: 27
Country: SY: 25
Country: IQ: 23
Country: EG: 23
Country: CN: 23
Country: TM: 21
Country: SG: 19
Country: QA: 18
2017-03-17T07:00:00+0000
Country: ID: 41264
Country: IN: 24459
Country: PH: 13427
Country: TR: 9539
Country: IT: 5637
Country: KH: 2380
Country: US: 1858
Country: TH: 1803
Country: PT: 1667
Country: GR: 1623
Country: ES: 1374
Country: FR: 1252
Country: VN: 1181
Country: AU: 989
Country: HR: 482
Country: DE: 329
Country: CA: 296
Country: TL: 266
Country: PL: 234
Country: JP: 230
Country: NL: 211
Country: MM: 198
Country: CZ: 185
Country: MY: 132
Country: GB: 107
Country: BR: 97
Country: SI: 83
Country: SA: 63
Country: RU: 58
Country: KR: 51
Country: AT: 49
Country: PK: 43
Country: NP: 39
Country: BD: 39
Country: AE: 37
Country: TW: 36
Country: DK: 34
Country: RO: 30
Country: SY: 30
Country: CN: 27
Country: TM: 26
Country: IQ: 24
Country: EG: 23
Country: SG: 20
Country: AL: 18
2017-03-18T07:00:00+0000
Country: ID: 48794
Country: IN: 28422
Country: PH: 15890
Country: TR: 10777
Country: IT: 6395
Country: KH: 2380
Country: PT: 1916
Country: TH: 1904
Country: US: 1861
Country: GR: 1796
Country: ES: 1560
Country: FR: 1403
Country: VN: 1309
Country: AU: 1149
Country: HR: 539
Country: DE: 436
Country: CA: 334
Country: TL: 313
Country: PL: 267
Country: JP: 232
Country: NL: 226
Country: CZ: 203
Country: MM: 200
Country: MY: 148
Country: GB: 138
Country: BR: 103
Country: SI: 91
Country: SA: 73
Country: AT: 67
Country: RU: 65
Country: KR: 53
Country: NP: 46
Country: BD: 46
Country: PK: 46
Country: AE: 42
Country: DK: 42
Country: TW: 39
Country: RO: 37
Country: SY: 34
Country: TM: 33
Country: CN: 31
Country: IQ: 29
Country: EG: 29
Country: AL: 23
Country: SG: 22
2017-03-19T07:00:00+0000
Country: ID: 55719
Country: IN: 32322
Country: PH: 18023
Country: TR: 11921
Country: IT: 6996
Country: KH: 2382
Country: PT: 2093
Country: GR: 1979
Country: TH: 1951
Country: US: 1859
Country: ES: 1713
Country: FR: 1579
Country: VN: 1392
Country: AU: 1303
Country: DE: 602
Country: HR: 583
Country: TL: 369
Country: CA: 364
Country: PL: 314
Country: JP: 235
Country: NL: 231
Country: CZ: 228
Country: MM: 202
Country: GB: 170
Country: MY: 162
Country: BR: 106
Country: SI: 98
Country: SA: 89
Country: AT: 89
Country: RU: 74
Country: NP: 58
Country: KR: 53
Country: BD: 51
Country: PK: 49
Country: AE: 48
Country: RO: 48
Country: DK: 46
Country: SY: 45
Country: TW: 43
Country: TM: 38
Country: CN: 33
Country: IQ: 33
Country: EG: 30
Country: AL: 26
Country: SG: 24
2017-03-20T07:00:00+0000
Country: ID: 61785
Country: IN: 33167
Country: PH: 20401
Country: TR: 12949
Country: IT: 7693
Country: KH: 2385
Country: PT: 2278
Country: GR: 2122
Country: TH: 2114
Country: ES: 1878
Country: US: 1863
Country: FR: 1789
Country: VN: 1508
Country: AU: 1442
Country: DE: 773
Country: HR: 626
Country: TL: 416
Country: CA: 399
Country: PL: 362
Country: CZ: 253
Country: NL: 250
Country: JP: 240
Country: GB: 232
Country: MM: 204
Country: MY: 187
Country: AT: 119
Country: BR: 109
Country: SA: 104
Country: SI: 102
Country: RU: 78
Country: NP: 59
Country: RO: 56
Country: AE: 56
Country: DK: 54
Country: KR: 54
Country: BD: 52
Country: PK: 51
Country: SY: 50
Country: TM: 47
Country: TW: 47
Country: CN: 36
Country: IQ: 35
Country: EG: 31
Country: AL: 30
Country: AF: 26
2017-03-21T07:00:00+0000
Country: ID: 67205
Country: IN: 37377
Country: PH: 22676
Country: TR: 13800
Country: IT: 8241
Country: PT: 2410
Country: KH: 2388
Country: GR: 2278
Country: TH: 2196
Country: ES: 2070
Country: FR: 1965
Country: US: 1866
Country: VN: 1579
Country: AU: 1542
Country: DE: 852
Country: HR: 661
Country: TL: 452
Country: CA: 430
Country: PL: 383
Country: CZ: 276
Country: GB: 265
Country: NL: 261
Country: JP: 243
Country: MM: 207
Country: MY: 203
Country: AT: 124
Country: BR: 118
Country: SA: 115
Country: SI: 104
Country: RU: 80
Country: NP: 70
Country: RO: 63
Country: AE: 61
Country: DK: 57
Country: SY: 56
Country: BD: 56
Country: PK: 55
Country: KR: 54
Country: TM: 52
Country: TW: 47
Country: IQ: 42
Country: CN: 41
Country: EG: 34
Country: AL: 32
Country: AF: 29
2017-03-22T07:00:00+0000
Country: ID: 72513
Country: IN: 41984
Country: PH: 25164
Country: TR: 14758
Country: IT: 8819
Country: PT: 2530
Country: KH: 2389
Country: GR: 2387
Country: TH: 2281
Country: ES: 2277
Country: FR: 2108
Country: US: 1867
Country: VN: 1647
Country: AU: 1646
Country: DE: 926
Country: HR: 688
Country: TL: 491
Country: CA: 444
Country: PL: 397
Country: CZ: 289
Country: GB: 276
Country: NL: 271
Country: JP: 244
Country: MY: 225
Country: MM: 208
Country: AT: 135
Country: SA: 128
Country: BR: 123
Country: SI: 114
Country: NP: 83
Country: RU: 80
Country: AE: 71
Country: RO: 67
Country: DK: 64
Country: SY: 60
Country: BD: 58
Country: PK: 57
Country: KR: 56
Country: TM: 56
Country: TW: 48
Country: CN: 43
Country: IQ: 42
Country: EG: 37
Country: AL: 36
Country: AF: 36
2017-03-23T07:00:00+0000
Country: ID: 78190
Country: IN: 51262
Country: PH: 27657
Country: TR: 15331
Country: IT: 9347
Country: PT: 2647
Country: GR: 2506
Country: TH: 2451
Country: ES: 2440
Country: KH: 2391
Country: FR: 2274
Country: US: 1870
Country: VN: 1799
Country: AU: 1663
Country: DE: 971
Country: HR: 716
Country: TL: 514
Country: CA: 462
Country: PL: 423
Country: CZ: 301
Country: GB: 283
Country: NL: 275
Country: MY: 247
Country: JP: 246
Country: MM: 211
Country: SA: 152
Country: AT: 146
Country: BR: 133
Country: SI: 127
Country: NP: 107
Country: AE: 85
Country: RU: 82
Country: RO: 75
Country: SY: 66
Country: TM: 65
Country: DK: 64
Country: PK: 63
Country: BD: 60
Country: KR: 57
Country: TW: 53
Country: CN: 51
Country: IQ: 48
Country: EG: 40
Country: AF: 39
Country: AL: 36
2017-03-24T07:00:00+0000
Country: ID: 83968
Country: IN: 59880
Country: PH: 30223
Country: TR: 16505
Country: IT: 9709
Country: PT: 2731
Country: TH: 2685
Country: GR: 2598
Country: ES: 2542
Country: FR: 2416
Country: KH: 2391
Country: VN: 1957
Country: US: 1879
Country: AU: 1711
Country: DE: 1011
Country: HR: 739
Country: TL: 539
Country: CA: 484
Country: PL: 447
Country: CZ: 314
Country: GB: 295
Country: NL: 283
Country: MY: 270
Country: JP: 249
Country: MM: 214
Country: SA: 174
Country: AT: 153
Country: BR: 138
Country: SI: 136
Country: NP: 133
Country: AE: 96
Country: RO: 82
Country: RU: 82
Country: TM: 70
Country: DK: 69
Country: PK: 69
Country: SY: 68
Country: BD: 66
Country: KR: 59
Country: TW: 56
Country: CN: 55
Country: IQ: 50
Country: EG: 42
Country: AF: 41
Country: AL: 38
2017-03-25T07:00:00+0000
Country: ID: 88383
Country: IN: 66460
Country: PH: 31933
Country: TR: 17420
Country: IT: 10025
Country: TH: 2851
Country: PT: 2796
Country: GR: 2658
Country: ES: 2610
Country: FR: 2528
Country: KH: 2393
Country: VN: 2103
Country: US: 1883
Country: AU: 1740
Country: DE: 1041
Country: HR: 757
Country: TL: 564
Country: CA: 490
Country: PL: 466
Country: CZ: 325
Country: GB: 307
Country: MY: 289
Country: NL: 287
Country: JP: 250
Country: MM: 221
Country: SA: 189
Country: AT: 157
Country: BR: 151
Country: NP: 148
Country: SI: 141
Country: AE: 105
Country: RU: 87
Country: RO: 86
Country: SY: 73
Country: PK: 72
Country: TM: 72
Country: BD: 71
Country: DK: 70
Country: TW: 61
Country: CN: 60
Country: KR: 60
Country: IQ: 53
Country: AF: 43
Country: EG: 42
Country: AL: 40
2017-03-26T07:00:00+0000
Country: ID: 87858
Country: IN: 66303
Country: PH: 31855
Country: TR: 17428
Country: IT: 10029
Country: TH: 2851
Country: PT: 2797
Country: GR: 2659
Country: ES: 2610
Country: FR: 2529
Country: KH: 2393
Country: VN: 2102
Country: US: 1882
Country: AU: 1740
Country: DE: 1042
Country: HR: 757
Country: TL: 562
Country: CA: 491
Country: PL: 466
Country: CZ: 325
Country: GB: 307
Country: MY: 288
Country: NL: 287
Country: JP: 250
Country: MM: 221
Country: SA: 189
Country: AT: 159
Country: BR: 151
Country: NP: 148
Country: SI: 141
Country: AE: 106
Country: RU: 88
Country: RO: 86
Country: SY: 73
Country: PK: 72
Country: BD: 71
Country: DK: 70
Country: TM: 69
Country: TW: 61
Country: CN: 60
Country: KR: 60
Country: IQ: 53
Country: AF: 43
Country: EG: 42
Country: AL: 40
2017-03-27T07:00:00+0000
Country: ID: 87720
Country: IN: 66214
Country: PH: 31817
Country: TR: 17423
Country: IT: 10030
Country: TH: 2851
Country: PT: 2797
Country: GR: 2659
Country: ES: 2610
Country: FR: 2529
Country: KH: 2393
Country: VN: 2102
Country: US: 1882
Country: AU: 1740
Country: DE: 1042
Country: HR: 757
Country: TL: 560
Country: CA: 490
Country: PL: 466
Country: CZ: 325
Country: GB: 307
Country: MY: 288
Country: NL: 287
Country: JP: 250
Country: MM: 221
Country: SA: 189
Country: AT: 159
Country: BR: 150
Country: NP: 147
Country: SI: 141
Country: AE: 106
Country: RU: 88
Country: RO: 86
Country: SY: 73
Country: PK: 72
Country: BD: 71
Country: DK: 70
Country: TM: 69
Country: TW: 61
Country: CN: 60
Country: KR: 60
Country: IQ: 53
Country: AF: 43
Country: EG: 42
Country: AL: 40
Last: 241540
Change: 233769
