2017-03-07T08:00:00+0000
KH2383
US1829
TH1399
VN660
JP223
MM189
NL176
ID107
PH74
BR72
IT71
IN55
ES50
TR43
MY41
KR39
PT37
PK25
BD24
TW22
FR16
EG16
GB15
AU14
NO14
SA12
QA11
LK11
MX11
AR11
DK10
PL10
DE10
SG9
YE9
SE8
NG8
LA8
IQ8
HR8
GR7
BE7
AE7
RO6
PE6
2017-03-08T08:00:00+0000
KH2383
US1830
TH1401
VN661
JP224
MM188
NL175
ID108
PH74
IT73
BR72
IN56
ES50
TR43
MY41
KR39
PT37
PK25
BD24
TW22
FR16
EG16
GB14
NO14
AU14
SA12
QA11
MX11
LK11
AR11
DE11
DK10
PL10
IQ9
SG9
YE9
LA8
SE8
NG8
HR8
GR7
BE7
AE7
PR6
CN6
2017-03-09T08:00:00+0000
KH2383
US1831
TH1401
VN661
JP224
MM188
NL175
ID108
PH75
IT74
BR72
IN56
ES50
TR43
MY41
KR39
PT37
PK25
BD24
TW22
FR16
EG16
GB14
AU14
NO14
SA12
QA11
DE11
MX11
LK11
AR11
DK10
PL10
SG9
YE9
NG8
LA8
SE8
IQ8
HR8
AE8
GR7
BE7
CN6
CH6
2017-03-10T08:00:00+0000
KH2382
US1832
TH1401
VN661
JP226
MM188
NL175
ID107
PH75
IT74
BR72
IN58
ES50
TR43
MY41
KR39
PT37
PK25
BD24
TW22
FR16
EG16
GB15
NO14
AU14
SA12
QA11
LK11
MX11
AR11
DE11
DK10
PL10
SG9
YE9
NG8
SE8
LA8
IQ8
HR8
AE8
GR7
BE7
MV6
MN6
2017-03-11T08:00:00+0000
KH2380
US1832
TH1401
VN661
JP225
MM188
NL175
ID107
IT75
PH75
BR72
IN58
ES50
TR43
MY41
KR40
PT37
PK25
BD25
TW22
FR16
EG16
GB15
AU14
NO14
SA13
AR11
QA11
MX11
DE11
LK11
DK10
PL10
YE9
SG9
SE8
AE8
NG8
IQ8
HR8
LA8
GR7
BE7
RO6
CH6
2017-03-12T08:00:00+0000
KH2381
US1832
TH1399
VN661
JP226
MM189
NL176
ID107
IT75
PH75
BR72
IN58
ES50
TR43
MY41
KR40
PT37
PK25
BD25
TW22
FR16
EG16
GB15
AU14
NO14
SA13
LK11
MX11
AR11
DE11
QA11
DK10
PL10
SG9
YE9
SE8
NG8
LA8
IQ8
HR8
AE8
GR7
PR6
PE6
CH6
2017-03-13T08:00:00+0000
ID6353
IN3034
KH2379
US1836
TR1771
PH1549
TH1433
IT1129
VN739
GR397
ES388
FR277
JP226
MM191
NL177
AU132
HR103
BR77
MY55
PL53
TL50
CZ44
KR42
PT38
CA37
PK29
TW27
BD26
RU21
SA21
GB21
DE18
SI17
RO17
EG17
NO15
DK15
AE13
SY12
NP12
MX12
IQ12
QA11
AR11
LK11
2017-03-14T07:00:00+0000
ID17305
IN9242
PH4737
TR4350
IT2883
KH2378
US1842
TH1527
VN875
ES809
GR754
FR637
AU426
JP230
HR208
MM193
NL182
TL120
CA113
PL100
CZ98
BR84
MY80
PT61
DE51
SI48
KR46
GB33
SA33
PK32
RU32
BD31
TW30
DK27
SY21
NP21
RO21
AE19
CN18
NO17
EG17
AT16
IQ15
QA13
TM13
2017-03-15T07:00:00+0000
ID26871
IN15347
PH7971
TR6505
IT3852
KH2379
US1844
TH1627
GR1110
ES1004
VN960
FR829
PT776
AU632
HR323
JP232
TL206
MM196
NL186
CA180
PL156
CZ124
MY105
BR90
DE79
SI66
SA50
GB47
KR46
RU40
PK36
BD36
TW33
DK30
NP28
AE28
RO27
SY22
EG22
CN22
AT21
IQ19
TM18
NO17
SG17
2017-03-16T07:00:00+0000
ID34231
IN19966
PH10618
TR8000
IT4663
KH2380
US1852
TH1655
GR1407
PT1227
ES1146
VN1041
FR1003
AU809
HR400
TL248
CA233
JP230
MM198
PL193
NL192
DE161
CZ144
MY124
BR93
SI72
GB56
SA55
RU52
KR48
PK40
BD38
TW34
NP33
DK32
AE32
RO27
AT27
SY25
IQ23
EG23
CN23
TM21
SG19
QA18
2017-03-17T07:00:00+0000
ID41264
IN24459
PH13427
TR9539
IT5637
KH2380
US1858
TH1803
PT1667
GR1623
ES1374
FR1252
VN1181
AU989
HR482
DE329
CA296
TL266
PL234
JP230
NL211
MM198
CZ185
MY132
GB107
BR97
SI83
SA63
RU58
KR51
AT49
PK43
NP39
BD39
AE37
TW36
DK34
RO30
SY30
CN27
TM26
IQ24
EG23
SG20
AL18
2017-03-18T07:00:00+0000
ID48794
IN28422
PH15890
TR10777
IT6395
KH2380
PT1916
TH1904
US1861
GR1796
ES1560
FR1403
VN1309
AU1149
HR539
DE436
CA334
TL313
PL267
JP232
NL226
CZ203
MM200
MY148
GB138
BR103
SI91
SA73
AT67
RU65
KR53
NP46
BD46
PK46
AE42
DK42
TW39
RO37
SY34
TM33
CN31
IQ29
EG29
AL23
SG22
2017-03-19T07:00:00+0000
ID55719
IN32322
PH18023
TR11921
IT6996
KH2382
PT2093
GR1979
TH1951
US1859
ES1713
FR1579
VN1392
AU1303
DE602
HR583
TL369
CA364
PL314
JP235
NL231
CZ228
MM202
GB170
MY162
BR106
SI98
SA89
AT89
RU74
NP58
KR53
BD51
PK49
AE48
RO48
DK46
SY45
TW43
TM38
CN33
IQ33
EG30
AL26
SG24
2017-03-20T07:00:00+0000
ID61785
IN33167
PH20401
TR12949
IT7693
KH2385
PT2278
GR2122
TH2114
ES1878
US1863
FR1789
VN1508
AU1442
DE773
HR626
TL416
CA399
PL362
CZ253
NL250
JP240
GB232
MM204
MY187
AT119
BR109
SA104
SI102
RU78
NP59
RO56
AE56
DK54
KR54
BD52
PK51
SY50
TM47
TW47
CN36
IQ35
EG31
AL30
AF26
2017-03-21T07:00:00+0000
ID67205
IN37377
PH22676
TR13800
IT8241
PT2410
KH2388
GR2278
TH2196
ES2070
FR1965
US1866
VN1579
AU1542
DE852
HR661
TL452
CA430
PL383
CZ276
GB265
NL261
JP243
MM207
MY203
AT124
BR118
SA115
SI104
RU80
NP70
RO63
AE61
DK57
SY56
BD56
PK55
KR54
TM52
TW47
IQ42
CN41
EG34
AL32
AF29
2017-03-22T07:00:00+0000
ID72513
IN41984
PH25164
TR14758
IT8819
PT2530
KH2389
GR2387
TH2281
ES2277
FR2108
US1867
VN1647
AU1646
DE926
HR688
TL491
CA444
PL397
CZ289
GB276
NL271
JP244
MY225
MM208
AT135
SA128
BR123
SI114
NP83
RU80
AE71
RO67
DK64
SY60
BD58
PK57
KR56
TM56
TW48
CN43
IQ42
EG37
AL36
AF36
2017-03-23T07:00:00+0000
ID78190
IN51262
PH27657
TR15331
IT9347
PT2647
GR2506
TH2451
ES2440
KH2391
FR2274
US1870
VN1799
AU1663
DE971
HR716
TL514
CA462
PL423
CZ301
GB283
NL275
MY247
JP246
MM211
SA152
AT146
BR133
SI127
NP107
AE85
RU82
RO75
SY66
TM65
DK64
PK63
BD60
KR57
TW53
CN51
IQ48
EG40
AF39
AL36
2017-03-24T07:00:00+0000
ID83968
IN59880
PH30223
TR16505
IT9709
PT2731
TH2685
GR2598
ES2542
FR2416
KH2391
VN1957
US1879
AU1711
DE1011
HR739
TL539
CA484
PL447
CZ314
GB295
NL283
MY270
JP249
MM214
SA174
AT153
BR138
SI136
NP133
AE96
RO82
RU82
TM70
DK69
PK69
SY68
BD66
KR59
TW56
CN55
IQ50
EG42
AF41
AL38
2017-03-25T07:00:00+0000
ID88383
IN66460
PH31933
TR17420
IT10025
TH2851
PT2796
GR2658
ES2610
FR2528
KH2393
VN2103
US1883
AU1740
DE1041
HR757
TL564
CA490
PL466
CZ325
GB307
MY289
NL287
JP250
MM221
SA189
AT157
BR151
NP148
SI141
AE105
RU87
RO86
SY73
PK72
TM72
BD71
DK70
TW61
CN60
KR60
IQ53
AF43
EG42
AL40
2017-03-26T07:00:00+0000
ID87858
IN66303
PH31855
TR17428
IT10029
TH2851
PT2797
GR2659
ES2610
FR2529
KH2393
VN2102
US1882
AU1740
DE1042
HR757
TL562
CA491
PL466
CZ325
GB307
MY288
NL287
JP250
MM221
SA189
AT159
BR151
NP148
SI141
AE106
RU88
RO86
SY73
PK72
BD71
DK70
TM69
TW61
CN60
KR60
IQ53
AF43
EG42
AL40
2017-03-27T07:00:00+0000
ID87720
IN66214
PH31817
TR17423
IT10030
TH2851
PT2797
GR2659
ES2610
FR2529
KH2393
VN2102
US1882
AU1740
DE1042
HR757
TL560
CA490
PL466
CZ325
GB307
MY288
NL287
JP250
MM221
SA189
AT159
BR150
NP147
SI141
AE106
RU88
RO86
SY73
PK72
BD71
DK70
TM69
TW61
CN60
KR60
IQ53
AF43
EG42
AL40
Last: 241540
Change: 233769
