ID;LIKES;COMMENTSSHAREDCREATED
133981856074_10154639412566075;4653;306;5;2016-12-31T13:01:43+0000
133981856074_10154474157376075;1683;164;4;2016-11-09T15:00:54+0000
133981856074_10154459706481075;410;7;2;2016-11-04T14:30:08+0000
133981856074_10154453619471075;658;10;0;2016-11-02T11:33:04+0000
133981856074_10154451005526075;551;10;8;2016-11-01T14:00:33+0000
133981856074_10154354162541075;337;7;0;2016-09-30T06:30:05+0000
133981856074_10154237249711075;637;12;1;2016-08-19T11:15:05+0000
133981856074_10154229352406075;1245;33;4;2016-08-16T08:00:08+0000
133981856074_10154219589761075;25;0;0;2016-08-12T14:00:18+0000
133981856074_10154203277246075;829;18;5;2016-08-06T10:34:34+0000
133981856074_10154180621226075;304;11;6;2016-07-28T14:00:32+0000
133981856074_10154160665186075;113;11;0;2016-07-20T15:02:25+0000
133981856074_10154140068886075;254;13;1;2016-07-12T15:00:29+0000
133981856074_10154107797851075;165;2;0;2016-06-28T13:30:23+0000
133981856074_10154095392851075;1022;24;6;2016-06-23T15:01:03+0000
133981856074_10154090281016075;228;12;4;2016-06-21T16:30:31+0000
133981856074_10153581860856075;958;65;4;2015-11-06T18:12:53+0000
133981856074_10150900235356075;153;5;0;2010-12-31T08:00:00+0000
133981856074_10150117859536075;164;21;0;2010-12-30T23:06:19+0000
133981856074_10150117133636075;124;3;0;2010-12-29T22:04:25+0000
133981856074_169377153104698;221;66;0;2010-12-29T19:00:05+0000
133981856074_10150116430606075;94;18;0;2010-12-28T22:53:16+0000
133981856074_10150116415406075;64;25;0;2010-12-28T22:28:14+0000
133981856074_10150115645831075;120;6;0;2010-12-27T22:57:01+0000
133981856074_10150114852986075;228;20;0;2010-12-26T20:54:11+0000
