ID;MSG;SHARES;LIKES;COMMENTS;PROPERTIES;CREATED
561500190543833_1836447919715714;;;3;0;;2017-04-22T14:23:55+0000
561500190543833_1836443756382797;;;5;0;;2017-04-22T14:20:48+0000
561500190543833_1836441999716306;;;11;0;;2017-04-22T14:19:53+0000
561500190543833_1835840713109768;hello;2;51;0;;2017-04-22T02:58:49+0000
561500190543833_1835762343117605;hello;;20;0;;2017-04-22T01:33:38+0000
561500190543833_1820072761353230;hello;;6;0;;2017-04-10T09:57:06+0000
561500190543833_1816098611750645;hello;2;23;0;;2017-04-07T10:40:16+0000
561500190543833_1812951905398649;hello;1;21;1;;2017-04-05T07:20:45+0000
561500190543833_1804477362912770;hello;3;27;3;;2017-03-29T12:57:32+0000
561500190543833_1797700753590431;hello;1;21;0;;2017-03-24T05:04:37+0000
561500190543833_1773177056042801;hello;;9;0;;2017-03-07T05:12:27+0000
561500190543833_1757639197596587;hello;;12;0;;2017-02-23T05:09:43+0000
561500190543833_1756131034414070;hello;8;12;0;;2017-02-22T03:20:32+0000
561500190543833_1731586473535193;hello;19;53;3;;2017-02-03T01:47:41+0000
561500190543833_1726737044020136;hello;;18;1;;2017-01-31T02:45:51+0000
561500190543833_1725398284154012;hello;;20;0;;2017-01-30T03:59:44+0000
561500190543833_1720363644657476;hello;1;17;2;;2017-01-26T01:14:10+0000
561500190543833_1709346269092547;hello;1;10;0;;2017-01-18T03:02:43+0000
561500190543833_1699101773450330;hello;;5;0;;2017-01-10T05:07:06+0000
561500190543833_1699089073451600;hello;82;120;3;;2017-01-10T04:46:12+0000
561500190543833_1649285985098576;hello;9;14;1;;2016-12-14T05:03:52+0000
561500190543833_1570521632975012;;1;24;0;;2016-10-14T03:46:22+0000
561500190543833_1570521376308371;;;16;0;;2016-10-14T03:45:40+0000
561500190543833_1469360123091164;hello;21;71;6;;2016-07-07T09:58:21+0000
561500190543833_1430230130337497;hello;39;128;0;;2016-05-18T11:23:49+0000
