ID;LIKES;COMMENTSSHAREDCREATED
180000363439_10154413846608440;277;8;8;2017-02-02T16:30:00+0000
180000363439_10154490608908440;280;4;5;2017-01-31T18:32:21+0000
180000363439_10154479520583440;246;2;2;2017-01-27T17:01:19+0000
180000363439_10154413844953440;362;1;15;2017-01-25T17:01:05+0000
180000363439_10154413844143440;267;5;6;2017-01-23T19:24:49+0000
180000363439_10154455008148440;1176;34;6;2017-01-20T15:50:34+0000
180000363439_10154452448618440;887;8;6;2017-01-19T16:38:02+0000
180000363439_10154449859158440;445;0;12;2017-01-18T19:07:15+0000
180000363439_10154413843563440;390;9;4;2017-01-17T17:29:56+0000
180000363439_10154413829438440;345;9;9;2017-01-13T19:26:35+0000
180000363439_10154428586393440;68;3;6;2017-01-11T17:56:55+0000
180000363439_10154413827173440;230;0;2;2017-01-10T19:50:58+0000
180000363439_10154413825798440;311;5;11;2017-01-06T16:59:00+0000
180000363439_10154411205393440;56;5;4;2017-01-04T18:41:11+0000
180000363439_10154410987223440;386;5;9;2017-01-04T17:09:43+0000
180000363439_10154294919233440;601;14;1;2017-01-01T16:59:01+0000
180000363439_10154294915928440;325;2;8;2016-12-31T17:59:00+0000
180000363439_10154294914853440;406;9;12;2016-12-29T16:59:01+0000
180000363439_10154294913228440;506;3;5;2016-12-25T16:00:01+0000
180000363439_10154294911453440;602;18;3;2016-12-24T17:30:01+0000
180000363439_10154367127273440;77;1;10;2016-12-21T17:37:27+0000
180000363439_10154364115563440;70;1;0;2016-12-20T16:53:03+0000
180000363439_10154339498108440;255;11;4;2016-12-16T16:59:00+0000
180000363439_10154339363308440;65;1;7;2016-12-14T16:30:00+0000
180000363439_10154334994228440;526;18;18;2016-12-13T16:30:01+0000
180000363439_10154334871848440;320;7;12;2016-12-12T17:10:52+0000
180000363439_10154294910428440;188;3;6;2016-12-09T16:59:04+0000
180000363439_10154318145843440;99;0;6;2016-12-08T17:55:42+0000
180000363439_10154294908963440;277;24;2;2016-12-05T16:30:01+0000
180000363439_10154294665638440;226;3;6;2016-12-02T17:43:44+0000
180000363439_10154266947583440;246;19;5;2016-12-02T16:30:03+0000
180000363439_10154286981583440;442;12;23;2016-11-30T17:04:31+0000
180000363439_10154287423068440;354;12;11;2016-11-29T21:39:59+0000
180000363439_10154284780588440;173;4;4;2016-11-28T19:36:34+0000
180000363439_10154266940443440;2792;43;4;2016-11-24T00:00:00+0000
180000363439_10154266937388440;337;2;9;2016-11-23T16:00:01+0000
180000363439_10154266933313440;425;3;3;2016-11-21T16:38:57+0000
180000363439_10154256432973440;199;2;4;2016-11-17T18:45:01+0000
180000363439_10154246922178440;281;2;16;2016-11-16T15:59:01+0000
180000363439_10154246921408440;390;8;12;2016-11-14T16:59:00+0000
180000363439_10154230279978440;303;1;4;2016-11-11T16:59:00+0000
180000363439_10154230269333440;355;4;15;2016-11-09T16:59:00+0000
180000363439_10154228084988440;176;2;4;2016-11-08T15:30:01+0000
180000363439_10154216713003440;252;11;20;2016-11-04T15:59:01+0000
180000363439_10154213460743440;314;17;3;2016-11-03T14:59:02+0000
180000363439_10154210970113440;364;2;7;2016-11-01T19:48:27+0000
180000363439_10154210743133440;165;1;1;2016-11-01T17:59:32+0000
180000363439_10154207704058440;950;20;8;2016-10-31T18:02:37+0000
180000363439_10154145879988440;301;3;2;2016-10-27T04:59:00+0000
180000363439_10154187197088440;3459;99;3;2016-10-24T19:36:05+0000
