ID;LIKES;COMMENTSSHAREDCREATED
104353699658242_1209543769139224;10;0;0;2017-01-13T14:24:37+0000
104353699658242_1125773064182962;9;2;0;2016-10-18T10:23:11+0000
104353699658242_1124638924296376;11;0;0;2016-10-17T14:19:30+0000
104353699658242_1120757494684519;47;0;1;2016-10-13T17:01:45+0000
104353699658242_1058095564284046;18;0;0;2016-08-01T13:48:43+0000
104353699658242_1055521561208113;32;0;1;2016-07-28T14:42:24+0000
104353699658242_1054048944688708;15;0;0;2016-07-26T09:04:54+0000
104353699658242_1051426471617622;25;0;0;2016-07-22T08:42:49+0000
104353699658242_1050877505005852;55;0;0;2016-07-21T12:11:43+0000
104353699658242_1050307961729473;20;1;0;2016-07-20T14:34:42+0000
104353699658242_1045798702180399;23;0;1;2016-07-13T14:29:18+0000
104353699658242_1045096682250601;18;0;0;2016-07-12T14:29:17+0000
104353699658242_1041836439243292;12;1;0;2016-07-07T14:49:06+0000
104353699658242_1041801459246790;25;0;0;2016-07-07T13:55:39+0000
104353699658242_1040131129413823;10;0;1;2016-07-04T15:12:00+0000
104353699658242_1019221664838103;9;0;0;2016-05-30T08:08:46+0000
104353699658242_1004421046318165;9;0;0;2016-05-04T07:13:20+0000
104353699658242_996138417146428;6;0;0;2016-04-20T14:29:59+0000
104353699658242_995034493923487;5;0;0;2016-04-18T17:40:50+0000
104353699658242_988936137866656;6;0;0;2016-04-08T10:13:13+0000
104353699658242_987970621296541;9;0;0;2016-04-06T16:11:55+0000
104353699658242_977782645648672;20;0;0;2016-03-24T16:36:42+0000
104353699658242_966284280131842;13;0;0;2016-03-08T17:06:25+0000
104353699658242_953937831366487;11;0;0;2016-02-15T13:11:11+0000
104353699658242_933360253424245;23;0;0;2016-01-07T08:55:50+0000
