0:: Id: 431753333699609; Name: Yanmar Global.; posts: 25; recent: 2016-04-05T11:54:03+0000
1:: Id: 492691750750554; Name: YANMAR / ヤンマー.; posts: 25; recent: 2016-04-05T09:17:57+0000
2:: Id: 677268769062701; Name: Yanmar Agriculture Machinery Vietnam.; posts: 23; recent: 2015-09-11T04:54:04+0000
4:: Id: 126296050809084; Name: Yanmar America.; posts: 25; recent: 2016-04-05T15:45:44+0000
5:: Id: 128688600535666; Name: Yanmar Benelux B.V..; posts: 25; recent: 2016-01-18T08:19:35+0000
6:: Id: 425297090970774; Name: Yanmar Marine International.; posts: 25; recent: 2016-04-05T09:40:06+0000
7:: Id: 813132092154607; Name: Yanmar Thailand Fanclub.; posts: 25; recent: 2016-04-05T06:18:01+0000
9:: Id: 100472170084337; Name: YANMAR Racing.; posts: 25; recent: 2013-04-29T23:30:01+0000
10:: Id: 167077766641752; Name: Yanmar Pekanbaru.; posts: 25; recent: 2016-03-01T09:33:06+0000
11:: Id: 211485338902970; Name: YANMAR SOUTH AMERICA.; posts: 25; recent: 2016-03-28T13:14:41+0000
12:: Id: 107219056015640; Name: Yanmar Finland.; posts: 25; recent: 2016-03-24T09:13:30+0000
13:: Id: 116772798495245; Name: Sahabat Yanmar.; posts: 18; recent: 2015-09-11T04:20:48+0000
14:: Id: 118968887661; Name: YANMAR.; posts: 1; recent: 2009-08-18T04:49:47+0000
15:: Id: 347932648687444; Name: Yanmar Prey Veng and Svay Rieng Branch.; posts: 25; recent: 2016-03-25T04:06:43+0000
16:: Id: 647195845295005; Name: YANMAR遊悠ファーム.; posts: 7; recent: 2015-09-22T22:52:33+0000
17:: Id: 576902558991205; Name: Yanmar Cambodia.; posts: 25; recent: 2016-03-20T07:42:00+0000
18:: Id: 1708039192759712; Name: YanmArt.; posts: 25; recent: 2016-03-04T18:47:28+0000
19:: Id: 748342698563224; Name: Yanmar banteaymeanchey province.; posts: 22; recent: 2016-03-15T02:14:26+0000
27:: Id: 1417581815234591; Name: Yanmar.; posts: 25; recent: 2016-03-21T04:02:31+0000
36:: Id: 1523426487900995; Name: Yanmart.; posts: 6; recent: 2014-10-15T16:30:40+0000
37:: Id: 468224649938845; Name: Yanmar Premium Cup.; posts: 10; recent: 2013-07-26T11:14:53+0000
38:: Id: 480123522020687; Name: Yanmar Antenna SHOP..; posts: 12; recent: 2015-12-12T22:34:59+0000
39:: Id: 1660067850903715; Name: Alvorada Tratores - Yanmar Agritech.; posts: 25; recent: 2016-04-04T19:44:46+0000
40:: Id: 780738525308605; Name: Yanmar Motor Yedek Parça.; posts: 25; recent: 2016-04-04T07:56:28+0000
41:: Id: 238136519729384; Name: Yanmar BG.; posts: 25; recent: 2016-02-27T19:22:31+0000
42:: Id: 459191987446064; Name: Yanmart.; posts: 25; recent: 2016-01-15T02:28:19+0000
43:: Id: 195465273983045; Name: Yanmar.; posts: 15; recent: 2015-05-04T11:34:31+0000
44:: Id: 156378851215846; Name: Yanmar Mini Excavators & Construction Equipments.; posts: 19; recent: 2015-10-12T06:17:19+0000
46:: Id: 1495041624092740; Name: Yanmar Yedek Parça - Atlantik İş Makinaları.; posts: 25; recent: 2016-04-04T07:56:59+0000
47:: Id: 349133021871884; Name: Yanmar Teknik.; posts: 16; recent: 2013-03-19T10:05:19+0000
48:: Id: 261420400673914; Name: Tractor Bob's Yanmar Tractors and Rental Equipment.; posts: 25; recent: 2016-03-03T23:34:00+0000
49:: Id: 731511600258706; Name: Yanmar会.; posts: 25; recent: 2016-04-01T03:22:53+0000
50:: Id: 1403591619914553; Name: Yanmarie Photography.; posts: 25; recent: 2016-04-05T20:11:27+0000
51:: Id: 491367351042421; Name: Yanmar Marine.; posts: 25; recent: 2016-04-04T09:25:13+0000
52:: Id: 1474740802773131; Name: Yanmar.; posts: 1; recent: 2015-08-11T06:36:32+0000
54:: Id: 168375409931936; Name: Yanmar Parts, Topgear indl equip sales..; posts: 25; recent: 2016-04-04T22:26:04+0000
55:: Id: 434390816619638; Name: Yanmar Danmark.; posts: 25; recent: 2016-04-01T15:58:23+0000
56:: Id: 677643488994736; Name: Yanmar ينمار.; posts: 5; recent: 2016-02-21T10:07:58+0000
57:: Id: 942425539111907; Name: Yanmar BMC.; posts: 10; recent: 2015-06-12T23:56:46+0000
58:: Id: 1507843752872022; Name: Yanmar Music Group.; posts: 4; recent: 2015-10-21T12:48:02+0000
60:: Id: 1111427535583806; Name: Kwaan Energy, LLC  -dba Yanmar Alaska.; posts: 5; recent: 2016-03-15T18:23:12+0000
62:: Id: 423046831111569; Name: Yanmar poços artesianos.; posts: 21; recent: 2016-03-21T15:29:36+0000
64:: Id: 1008447539222403; Name: Yanmar Marine.; posts: 11; recent: 2016-04-05T02:35:02+0000
65:: Id: 407631639430384; Name: Yanmar.; posts: 1; recent: 2015-12-14T17:09:59+0000
66:: Id: 1555569598038362; Name: Yanmar SC.; posts: 6; recent: 2015-11-01T12:59:18+0000
69:: Id: 572965016172750; Name: Gary's Yanmar Tractor.; posts: 25; recent: 2016-02-02T03:11:42+0000
70:: Id: 212863658825068; Name: Yanmar Saudi Arabia.; posts: 1; recent: 2012-04-23T12:17:30+0000
72:: Id: 473078626201111; Name: Yanmar - Trung Sơn.; posts: 25; recent: 2016-03-26T12:50:53+0000
73:: Id: 1038547339541963; Name: Yanmar Engine Spares by Steel Marine Service.; posts: 3; recent: 2016-02-28T11:24:14+0000
74:: Id: 851528211627412; Name: Yanmar Marine Cyprus.; posts: 4; recent: 2015-11-26T11:53:16+0000
75:: Id: 904443009662649; Name: Yanmari alejandra.; posts: 2; recent: 2015-11-17T14:11:42+0000
76:: Id: 1751111058457975; Name: Yanmar Utilaje.; posts: 12; recent: 2016-04-04T05:14:30+0000
77:: Id: 1115764821783562; Name: Yanmar - ชุมแพ.; posts: 25; recent: 2016-04-05T05:52:37+0000
78:: Id: 1516464678578435; Name: Waw.yanmar.; posts: 25; recent: 2015-09-19T03:57:28+0000
79:: Id: 469848676374777; Name: ยันม่าร์สกลนคร (Yanmarsakon).; posts: 25; recent: 2016-04-05T04:40:53+0000
80:: Id: 976938222427172; Name: Yanmar Air Compressors and Spare Parts.; posts: 3; recent: 2016-02-29T07:18:50+0000
81:: Id: 540866329279840; Name: Yanmar thailand.; posts: 25; recent: 2013-02-25T08:08:43+0000
82:: Id: 510933709071865; Name: Yanmar LÊ LỢI.; posts: 16; recent: 2016-03-14T07:49:16+0000
87:: Id: 445710132289118; Name: Yanmar Air Compressors and Parts by Steel Marine Service.; posts: 3; recent: 2016-02-29T07:18:52+0000
89:: Id: 1539992872918473; Name: YANMAR YEDEK PARÇALARI.; posts: 25; recent: 2016-04-04T07:55:54+0000
90:: Id: 484976031604733; Name: Yanmar Thời Hưng.; posts: 25; recent: 2016-03-04T13:54:33+0000
91:: Id: 1684651051809346; Name: Yanmar Engine Spares/parts by Steel Marine Service.; posts: 3; recent: 2016-02-28T11:24:10+0000
93:: Id: 545953045560355; Name: YanmarFamily Thai.; posts: 5; recent: 2015-11-02T08:27:36+0000
94:: Id: 384470391579924; Name: Yanmar Yetkili Servisi - Kardeş Denizcilik.; posts: 25; recent: 2016-01-20T09:26:02+0000
95:: Id: 1607557272842978; Name: Yanmar Đại Phước Vinh.; posts: 5; recent: 2016-03-03T09:48:06+0000
96:: Id: 344515562367302; Name: Forniture Motori Marini Yanmar.; posts: 25; recent: 2016-03-26T11:17:34+0000
97:: Id: 248533641932253; Name: Yanmar a bejaia.; posts: 7; recent: 2012-08-24T21:55:35+0000
98:: Id: 833630836659585; Name: Yanmar BMC.; posts: 15; recent: 2015-03-16T00:49:18+0000
99:: Id: 183485875052366; Name: Creaciones Yanmary.; posts: 25; recent: 2016-04-03T15:23:06+0000
102:: Id: 1484366198489086; Name: ตัวแทนจำหน่ายภาคตะวันออก Yanmar.; posts: 25; recent: 2015-06-10T00:25:26+0000
103:: Id: 842717429088983; Name: YANMAR BATTAMBANG.; posts: 25; recent: 2016-03-20T03:25:26+0000
104:: Id: 100241180344433; Name: ยันมาร์ Yanmar.; posts: 25; recent: 2016-04-04T03:01:53+0000
105:: Id: 438165869631227; Name: Yanmar Motor Yedek Parça.; posts: 15; recent: 2014-10-25T06:51:16+0000
106:: Id: 105632416446993; Name: Yan_marlley.; posts: 4; recent: 2015-07-01T19:44:30+0000
107:: Id: 648426581952945; Name: YANMAR MOTOR PARÇALARI SATIŞI.; posts: 25; recent: 2016-04-04T07:55:06+0000
108:: Id: 178288675558596; Name: yanmar miniescavatori number one.; posts: 8; recent: 2015-06-01T19:40:37+0000
110:: Id: 417267101812182; Name: Expreso yan-mar.; posts: 4; recent: 2015-10-21T13:14:01+0000
111:: Id: 185346678228781; Name: Kubota / Mitsubishi / Yanmar / Hinomoto / Iseki / shibaura /.; posts: 25; recent: 2016-03-27T17:12:09+0000
112:: Id: 1701693046738811; Name: Ammann Yanmar Construction.; posts: 7; recent: 2016-03-31T17:04:04+0000
114:: Id: 875369702536979; Name: Máy Thủy Yanmar.; posts: 25; recent: 2016-04-03T15:10:25+0000
115:: Id: 1105945932771209; Name: Prodet Doo-Yanmar Traktori.; posts: 17; recent: 2016-04-01T10:21:55+0000
116:: Id: 118563935201247; Name: Mini Pelle Yanmar VIO 2.5T.; posts: 4; recent: 2016-03-24T19:35:57+0000
117:: Id: 510496569109733; Name: MOTOR Yanmar ÓTIMO Estado.; posts: 3; recent: 2015-11-17T22:11:42+0000
118:: Id: 593588147467157; Name: Yanmari Mozzicato"Wears Your Style".; posts: 2; recent: 2015-11-09T22:38:29+0000
119:: Id: 671677276265874; Name: Yanmar.; posts: 2; recent: 2015-12-16T11:32:15+0000
120:: Id: 765090976960722; Name: Yanmar Engine Parts.; posts: 5; recent: 2016-03-31T22:05:20+0000
122:: Id: 165141453678669; Name: Volei Yanmar/SOS/Araras.; posts: 25; recent: 2016-03-15T00:30:51+0000
123:: Id: 185867848125333; Name: YANMAR.; posts: 1; recent: 2011-03-28T02:47:09+0000
124:: Id: 616732488491239; Name: Yanmar aw70v combine harvester.; posts: 2; recent: 2016-02-26T08:03:39+0000
125:: Id: 1125059070838614; Name: Yanmarteaphotography.; posts: 3; recent: 2016-02-20T10:21:12+0000
158:: Id: 891895850858285; Name: White Horse Distribution.; posts: 2; recent: 2015-04-19T15:29:25+0000
160:: Id: 429420200583752; Name: Yanmar Dealer Kam Pong Thom.; posts: 14; recent: 2016-01-22T02:58:00+0000
161:: Id: 1646355848965783; Name: R.P Srl Conc. Yanmar.; posts: 16; recent: 2016-03-30T17:30:51+0000
162:: Id: 649774048468757; Name: Genset Perkins Cummins Lovol Foton Yanmar Deutz, Panel ATS AMF-Sinkron dll..; posts: 7; recent: 2015-11-24T09:17:40+0000
163:: Id: 1418982518336256; Name: Silnik Yanmar YSB8 z Czarnego Bonawentury.; posts: 4; recent: 2016-02-03T14:24:34+0000
164:: Id: 1613778235551775; Name: Yanmar Hải Sơn.; posts: 20; recent: 2016-04-02T02:15:33+0000
165:: Id: 626671440724294; Name: 先鋒農機行.; posts: 25; recent: 2016-03-08T04:46:14+0000
166:: Id: 291009751081083; Name: YanMark.com Ներմուծում Չինաստանից.; posts: 12; recent: 2016-04-02T16:24:20+0000
167:: Id: 481475161980047; Name: Yanmar Cần Thơ.; posts: 20; recent: 2016-03-12T09:28:35+0000
168:: Id: 1477290939176235; Name: Yanmar FCB..; posts: 5; recent: 2015-12-08T02:06:27+0000
169:: Id: 712911468731949; Name: Yanmar com presão.; posts: 4; recent: 2015-11-09T12:56:14+0000
170:: Id: 673610442718589; Name: 野馬家族新成員/yanmarfamilynewmenber.; posts: 9; recent: 2015-10-15T03:26:22+0000
172:: Id: 205111896521300; Name: 06 Vi Som Kjører Yanmar Anleggsmaskiner.; posts: 2; recent: 2016-03-22T22:46:27+0000
175:: Id: 1546340559023025; Name: ไพรัชการเกษตร ยันม่าร์ ศรีสะเกษ.; posts: 7; recent: 2016-03-26T03:12:05+0000
176:: Id: 414066045344840; Name: Variedades Yanmary.; posts: 7; recent: 2013-08-13T01:12:44+0000
177:: Id: 395377567222134; Name: 株式会社　渡辺機械.; posts: 25; recent: 2015-11-25T06:47:14+0000
178:: Id: 130359493962145; Name: SMPR : KIA -  Mahindra  -  Yanmar.; posts: 25; recent: 2016-03-26T09:06:32+0000
179:: Id: 102289356586926; Name: Apa Tau Namanya.; posts: 2; recent: 2013-09-28T11:05:46+0000
190:: Id: 1678485042399738; Name: Warung Beringin ""."..; posts: 5; recent: 2016-03-04T01:33:51+0000
204:: Id: 785319461577583; Name: Yanmar Dealer Kom Pong Thom.; posts: 4; recent: 2015-11-06T01:23:27+0000
208:: Id: 1012372325496408; Name: Tinh Ngệ Yanmart.; posts: 2; recent: 2016-03-24T13:43:09+0000
228:: Id: 853205834797923; Name: Almere City U12 season 2015-2016.; posts: 25; recent: 2016-03-20T14:50:43+0000
229:: Id: 312246915506617; Name: Сервиз За Лодки.; posts: 25; recent: 2016-02-27T19:20:40+0000
230:: Id: 832239043477756; Name: Pusat grosir distro.; posts: 25; recent: 2015-11-19T05:45:51+0000
295:: Id: 1050029925027784; Name: Yanmar Hanoi.; posts: 7; recent: 2016-03-14T08:47:28+0000
362:: Id: 1494128930859441; Name: Accessories yanmar.; posts: 8; recent: 2014-10-13T17:03:18+0000
