ID;LIKES;COMMENTSSHAREDCREATED
492691750750554_1460096237343429;119;2;1;2017-02-03T04:32:10+0000
492691750750554_1459109494108770;150;0;1;2017-02-02T09:47:38+0000
492691750750554_1458681524151567;338;0;0;2017-02-02T02:00:01+0000
492691750750554_1457783390908047;379;0;0;2017-02-01T09:00:53+0000
492691750750554_1456611257691927;277;0;0;2017-01-31T09:28:38+0000
492691750750554_1455110904508629;917;8;0;2017-01-30T09:33:45+0000
492691750750554_1451454584874261;329;0;0;2017-01-27T02:00:00+0000
492691750750554_1450883314931388;603;1;1;2017-01-26T10:04:57+0000
492691750750554_1449622085057511;316;1;0;2017-01-25T10:00:00+0000
492691750750554_1449441941742192;257;0;0;2017-01-25T02:59:23+0000
492691750750554_1447095811976805;242;0;0;2017-01-23T09:31:00+0000
492691750750554_1446742595345460;296;45;1;2017-01-23T04:00:23+0000
492691750750554_1443360982350288;589;4;0;2017-01-20T09:14:35+0000
492691750750554_1441191735900546;287;1;0;2017-01-18T09:51:50+0000
492691750750554_1440241109328942;766;1;1;2017-01-17T11:05:34+0000
492691750750554_1439024006117319;246;0;1;2017-01-16T08:55:42+0000
492691750750554_1438817852804601;356;2;1;2017-01-16T04:31:39+0000
492691750750554_1435645539788499;395;0;1;2017-01-13T07:18:52+0000
492691750750554_1434409579912095;339;2;2;2017-01-12T07:02:00+0000
492691750750554_1433405273345859;820;4;0;2017-01-11T09:23:21+0000
492691750750554_1432513366768383;504;1;1;2017-01-10T08:55:26+0000
492691750750554_1428793483807038;408;0;0;2017-01-07T02:00:01+0000
492691750750554_1428783827141337;975;5;1;2017-01-06T07:00:01+0000
492691750750554_1427699987249721;737;4;0;2017-01-05T02:00:00+0000
492691750750554_1420534024632984;624;5;1;2016-12-28T07:00:00+0000
492691750750554_1419793644707022;197;0;0;2016-12-27T08:47:17+0000
492691750750554_1418860921466961;358;0;1;2016-12-26T08:50:11+0000
492691750750554_1416942024992184;530;0;0;2016-12-24T09:16:34+0000
492691750750554_1415202211832832;945;8;1;2016-12-23T02:00:00+0000
492691750750554_1413993368620383;405;3;0;2016-12-22T02:00:00+0000
492691750750554_1413951391957914;432;1;1;2016-12-21T09:15:00+0000
492691750750554_1413750155311371;223;0;0;2016-12-21T02:18:47+0000
492691750750554_1412978595388527;1168;9;1;2016-12-20T08:59:37+0000
492691750750554_1412088485477538;483;0;1;2016-12-19T09:08:58+0000
492691750750554_1408604335825953;504;1;0;2016-12-16T09:04:42+0000
492691750750554_1407510125935374;628;0;0;2016-12-15T07:00:00+0000
492691750750554_1407309639288756;167;0;0;2016-12-15T01:10:01+0000
492691750750554_1406588379360882;678;6;0;2016-12-14T09:34:44+0000
492691750750554_1405095792843474;439;1;0;2016-12-13T01:54:41+0000
492691750750554_1403874356298951;656;4;2;2016-12-12T07:00:00+0000
492691750750554_1400343146652072;411;1;0;2016-12-09T08:45:05+0000
492691750750554_1398877060132014;122;0;0;2016-12-08T09:05:22+0000
492691750750554_1397223753630678;369;0;1;2016-12-07T09:25:47+0000
492691750750554_1395871163765937;547;3;0;2016-12-06T10:47:15+0000
492691750750554_1395769063776147;427;1;0;2016-12-06T08:40:12+0000
492691750750554_1394582800561440;394;3;0;2016-12-05T09:06:56+0000
492691750750554_1393912620628458;716;8;1;2016-12-05T00:10:05+0000
492691750750554_1389472161072504;228;1;0;2016-12-03T07:00:00+0000
492691750750554_1389252547761132;325;0;0;2016-12-02T08:47:34+0000
492691750750554_1387659671253753;417;0;1;2016-12-01T09:37:42+0000
492691750750554_1386437834709270;488;4;1;2016-11-30T09:18:18+0000
492691750750554_1383184735034580;438;0;0;2016-11-28T07:00:01+0000
492691750750554_1378045372215183;813;3;0;2016-11-25T02:00:02+0000
492691750750554_1377919278894459;334;2;0;2016-11-24T07:00:00+0000
492691750750554_1373908892628831;358;2;1;2016-11-20T08:42:44+0000
492691750750554_1372687949417592;446;2;1;2016-11-19T05:06:29+0000
492691750750554_1371594349526952;414;4;0;2016-11-18T07:00:01+0000
492691750750554_1371576602862060;828;4;0;2016-11-18T02:00:01+0000
492691750750554_1370733589613028;276;0;1;2016-11-17T07:00:00+0000
492691750750554_1370649226288131;475;0;1;2016-11-17T02:00:00+0000
492691750750554_1370004153019305;354;1;0;2016-11-16T13:15:00+0000
492691750750554_1369906236362430;175;0;1;2016-11-16T08:15:00+0000
492691750750554_1369888769697510;493;6;0;2016-11-16T04:21:50+0000
492691750750554_1369112159775171;214;0;0;2016-11-15T23:00:01+0000
492691750750554_1369044246448629;315;0;0;2016-11-15T13:15:01+0000
492691750750554_1368978883121832;806;2;1;2016-11-15T08:15:00+0000
492691750750554_1368854046467649;278;0;1;2016-11-15T03:30:00+0000
492691750750554_1368026406550413;243;0;1;2016-11-14T23:00:01+0000
492691750750554_1368038446549209;279;0;0;2016-11-14T13:00:00+0000
492691750750554_1368027913216929;1142;10;0;2016-11-14T09:30:00+0000
492691750750554_1367833296569724;390;3;0;2016-11-14T05:29:47+0000
492691750750554_1363031713716549;851;6;1;2016-11-10T12:36:05+0000
492691750750554_1362778923741828;285;0;1;2016-11-10T05:48:07+0000
492691750750554_1361944307158623;310;2;0;2016-11-09T09:41:30+0000
492691750750554_1361700717182982;194;0;1;2016-11-09T04:56:23+0000
